
++++++++++++++++++++++++++++++++++++++++++++++++++++
***** Summary information of data structure *****
30 subjects :  s10 s11 s12 s13 s14 s15 s16 s17 s19 s2 s20 s21 s22 s23 s24 s25 s26 s27 s28 s29 s3 s31 s32 s33 s4 s5 s6 s7 s8 s9 
120 response values
2 levels for factor Modality : Listen Read 
4 levels for factor Scale : CS NS SW US 
27 post hoc tests

Contingency tables of subject distributions among the categorical variables:

        Scale
Modality CS NS SW US
  Listen 14 14 14 14
  Read   16 16 16 16

Tabulation of subjects against each of the categorical variables:
~~~~~~~~~~~~~~
lop$nSubj vs Modality:
     
      Listen Read
  s10      0    4
  s11      0    4
  s12      4    0
  s13      4    0
  s14      0    4
  s15      4    0
  s16      4    0
  s17      0    4
  s19      0    4
  s2       4    0
  s20      0    4
  s21      0    4
  s22      0    4
  s23      0    4
  s24      0    4
  s25      0    4
  s26      0    4
  s27      0    4
  s28      0    4
  s29      0    4
  s3       4    0
  s31      4    0
  s32      4    0
  s33      0    4
  s4       4    0
  s5       4    0
  s6       4    0
  s7       4    0
  s8       4    0
  s9       4    0

~~~~~~~~~~~~~~
lop$nSubj vs Scale:
     
      CS NS SW US
  s10  1  1  1  1
  s11  1  1  1  1
  s12  1  1  1  1
  s13  1  1  1  1
  s14  1  1  1  1
  s15  1  1  1  1
  s16  1  1  1  1
  s17  1  1  1  1
  s19  1  1  1  1
  s2   1  1  1  1
  s20  1  1  1  1
  s21  1  1  1  1
  s22  1  1  1  1
  s23  1  1  1  1
  s24  1  1  1  1
  s25  1  1  1  1
  s26  1  1  1  1
  s27  1  1  1  1
  s28  1  1  1  1
  s29  1  1  1  1
  s3   1  1  1  1
  s31  1  1  1  1
  s32  1  1  1  1
  s33  1  1  1  1
  s4   1  1  1  1
  s5   1  1  1  1
  s6   1  1  1  1
  s7   1  1  1  1
  s8   1  1  1  1
  s9   1  1  1  1

***** End of data structure information *****
++++++++++++++++++++++++++++++++++++++++++++++++++++

Reading input files now...

Reading input files: Done!

If the program hangs here for more than, for example, half an hour,
kill the process because the model specification or the GLT coding
is likely inappropriate.

[1] "Great, test run passed at voxel (27, 32, 25)!"
[1] "Start to compute 50 slices along Z axis. You can monitor the progress"
[1] "and estimate the total run time as shown below."
[1] "03/15/17 22:00:57.842"
Package snow loaded successfully!

Z slice  1 done:  03/15/17 22:01:05.421 
Z slice  2 done:  03/15/17 22:01:05.538 
Z slice  3 done:  03/15/17 22:01:05.689 
Z slice  4 done:  03/15/17 22:01:05.839 
Z slice  5 done:  03/15/17 22:01:05.987 
Z slice  6 done:  03/15/17 22:01:06.134 
Z slice  7 done:  03/15/17 22:01:07.684 
Z slice  8 done:  03/15/17 22:01:17.156 
Z slice  9 done:  03/15/17 22:01:33.601 
Z slice  10 done:  03/15/17 22:01:56.794 
Z slice  11 done:  03/15/17 22:02:23.699 
Z slice  12 done:  03/15/17 22:02:53.753 
Z slice  13 done:  03/15/17 22:03:24.869 
Z slice  14 done:  03/15/17 22:03:59.090 
Z slice  15 done:  03/15/17 22:04:35.838 
Z slice  16 done:  03/15/17 22:05:18.513 
Z slice  17 done:  03/15/17 22:06:02.760 
Z slice  18 done:  03/15/17 22:06:51.194 
Z slice  19 done:  03/15/17 22:07:44.873 
Z slice  20 done:  03/15/17 22:08:36.147 
Z slice  21 done:  03/15/17 22:09:14.207 
Z slice  22 done:  03/15/17 22:09:52.986 
Z slice  23 done:  03/15/17 22:10:33.987 
Z slice  24 done:  03/15/17 22:11:16.565 
Z slice  25 done:  03/15/17 22:11:56.444 
Z slice  26 done:  03/15/17 22:12:35.724 
Z slice  27 done:  03/15/17 22:13:15.886 
Z slice  28 done:  03/15/17 22:13:51.624 
Z slice  29 done:  03/15/17 22:14:26.373 
Z slice  30 done:  03/15/17 22:15:05.207 
Z slice  31 done:  03/15/17 22:15:41.872 
Z slice  32 done:  03/15/17 22:16:18.381 
Z slice  33 done:  03/15/17 22:16:53.044 
Z slice  34 done:  03/15/17 22:17:29.406 
Z slice  35 done:  03/15/17 22:18:11.734 
Z slice  36 done:  03/15/17 22:18:54.147 
Z slice  37 done:  03/15/17 22:19:32.344 
Z slice  38 done:  03/15/17 22:20:09.360 
Z slice  39 done:  03/15/17 22:20:44.602 
Z slice  40 done:  03/15/17 22:21:19.532 
Z slice  41 done:  03/15/17 22:21:56.864 
Z slice  42 done:  03/15/17 22:22:34.656 
Z slice  43 done:  03/15/17 22:23:08.480 
Z slice  44 done:  03/15/17 22:23:39.228 
Z slice  45 done:  03/15/17 22:24:02.874 
Z slice  46 done:  03/15/17 22:24:20.430 
Z slice  47 done:  03/15/17 22:24:23.205 
Z slice  48 done:  03/15/17 22:24:23.311 
Z slice  49 done:  03/15/17 22:24:23.447 
Z slice  50 done:  03/15/17 22:24:23.593 

Congratulations! You have got an output functional_connect_STG.nii.gz.


++++++++++++++++++++++++++++++++++++++++++++++++++++
***** Summary information of data structure *****
30 subjects :  s10 s11 s12 s13 s14 s15 s16 s17 s19 s2 s20 s21 s22 s23 s24 s25 s26 s27 s28 s29 s3 s31 s32 s33 s4 s5 s6 s7 s8 s9 
120 response values
2 levels for factor Modality : Listen Read 
4 levels for factor Scale : CS NS SW US 
27 post hoc tests

Contingency tables of subject distributions among the categorical variables:

        Scale
Modality CS NS SW US
  Listen 14 14 14 14
  Read   16 16 16 16

Tabulation of subjects against each of the categorical variables:
~~~~~~~~~~~~~~
lop$nSubj vs Modality:
     
      Listen Read
  s10      0    4
  s11      0    4
  s12      4    0
  s13      4    0
  s14      0    4
  s15      4    0
  s16      4    0
  s17      0    4
  s19      0    4
  s2       4    0
  s20      0    4
  s21      0    4
  s22      0    4
  s23      0    4
  s24      0    4
  s25      0    4
  s26      0    4
  s27      0    4
  s28      0    4
  s29      0    4
  s3       4    0
  s31      4    0
  s32      4    0
  s33      0    4
  s4       4    0
  s5       4    0
  s6       4    0
  s7       4    0
  s8       4    0
  s9       4    0

~~~~~~~~~~~~~~
lop$nSubj vs Scale:
     
      CS NS SW US
  s10  1  1  1  1
  s11  1  1  1  1
  s12  1  1  1  1
  s13  1  1  1  1
  s14  1  1  1  1
  s15  1  1  1  1
  s16  1  1  1  1
  s17  1  1  1  1
  s19  1  1  1  1
  s2   1  1  1  1
  s20  1  1  1  1
  s21  1  1  1  1
  s22  1  1  1  1
  s23  1  1  1  1
  s24  1  1  1  1
  s25  1  1  1  1
  s26  1  1  1  1
  s27  1  1  1  1
  s28  1  1  1  1
  s29  1  1  1  1
  s3   1  1  1  1
  s31  1  1  1  1
  s32  1  1  1  1
  s33  1  1  1  1
  s4   1  1  1  1
  s5   1  1  1  1
  s6   1  1  1  1
  s7   1  1  1  1
  s8   1  1  1  1
  s9   1  1  1  1

***** End of data structure information *****
++++++++++++++++++++++++++++++++++++++++++++++++++++

Reading input files now...

Reading input files: Done!

If the program hangs here for more than, for example, half an hour,
kill the process because the model specification or the GLT coding
is likely inappropriate.

[1] "Great, test run passed at voxel (27, 32, 25)!"
[1] "Start to compute 50 slices along Z axis. You can monitor the progress"
[1] "and estimate the total run time as shown below."
[1] "03/15/17 22:24:39.138"
Package snow loaded successfully!

Z slice  1 done:  03/15/17 22:24:45.514 
Z slice  2 done:  03/15/17 22:24:45.660 
Z slice  3 done:  03/15/17 22:24:45.808 
Z slice  4 done:  03/15/17 22:24:45.957 
Z slice  5 done:  03/15/17 22:24:46.106 
Z slice  6 done:  03/15/17 22:24:46.254 
Z slice  7 done:  03/15/17 22:24:47.988 
Z slice  8 done:  03/15/17 22:24:56.758 
Z slice  9 done:  03/15/17 22:25:11.361 
Z slice  10 done:  03/15/17 22:25:32.197 
Z slice  11 done:  03/15/17 22:25:59.128 
Z slice  12 done:  03/15/17 22:26:31.546 
Z slice  13 done:  03/15/17 22:27:04.580 
Z slice  14 done:  03/15/17 22:27:38.972 
Z slice  15 done:  03/15/17 22:28:14.632 
Z slice  16 done:  03/15/17 22:28:54.578 
Z slice  17 done:  03/15/17 22:29:38.293 
Z slice  18 done:  03/15/17 22:30:26.953 
Z slice  19 done:  03/15/17 22:31:19.472 
Z slice  20 done:  03/15/17 22:32:10.118 
Z slice  21 done:  03/15/17 22:32:48.992 
Z slice  22 done:  03/15/17 22:33:26.724 
Z slice  23 done:  03/15/17 22:34:06.313 
Z slice  24 done:  03/15/17 22:34:46.819 
Z slice  25 done:  03/15/17 22:35:26.169 
Z slice  26 done:  03/15/17 22:36:07.238 
Z slice  27 done:  03/15/17 22:36:45.990 
Z slice  28 done:  03/15/17 22:37:22.746 
Z slice  29 done:  03/15/17 22:37:59.193 
Z slice  30 done:  03/15/17 22:38:37.538 
Z slice  31 done:  03/15/17 22:39:13.723 
Z slice  32 done:  03/15/17 22:39:50.437 
Z slice  33 done:  03/15/17 22:40:25.117 
Z slice  34 done:  03/15/17 22:41:02.153 
Z slice  35 done:  03/15/17 22:41:43.414 
Z slice  36 done:  03/15/17 22:42:24.843 
Z slice  37 done:  03/15/17 22:43:02.272 
Z slice  38 done:  03/15/17 22:43:39.804 
Z slice  39 done:  03/15/17 22:44:16.452 
Z slice  40 done:  03/15/17 22:44:50.983 
Z slice  41 done:  03/15/17 22:45:27.965 
Z slice  42 done:  03/15/17 22:46:03.379 
Z slice  43 done:  03/15/17 22:46:35.181 
Z slice  44 done:  03/15/17 22:47:10.202 
Z slice  45 done:  03/15/17 22:47:35.385 
Z slice  46 done:  03/15/17 22:47:51.573 
Z slice  47 done:  03/15/17 22:47:54.393 
Z slice  48 done:  03/15/17 22:47:54.499 
Z slice  49 done:  03/15/17 22:47:54.612 
Z slice  50 done:  03/15/17 22:47:54.721 

Congratulations! You have got an output functional_connect_FFG.nii.gz.

