======================sub02==========================
Center distance of 17.342145 mm
Padding ...
Notice:
Reusing skull stripped volume 
   Anatomical_reg_AlndExp_ns+orig found on disk.

Resampling ...
Clipping -0.000100 5451.000100 ...
Registration (linear final interpolation) ...
RMS[0] = 96.0232 50.7464   ITER = 14/137
96.0232

Warping has converged.

Applying brain mask
Unpadding ...
Changing view of transformed anatomy
Setting parent with 3drefit -wset Anatomical_reg_AlndExp+orig __ats_tmp___upad40_Anatomical_reg_AlndExp_ns_at+tlrc
Cleanup ...
Applying tlrc warp from ./Anatomical_reg_AlndExp_ns_at+tlrc to Anatomical_reg_AlndExp+orig ...
Padding the input data before warping
Creating grid at (1 1 1)mm RAI resolution...
Warping per parent transform (NN interpolation) and resampling with NN interpolation (use -onewarp for single interpolation) ...
Changing view of xformed volumes
Cleanup ...
Working on file: GLM ...
Applying tlrc warp from ./Anatomical_reg_AlndExp_ns_at+tlrc to GLM+orig ...
Padding the input data before warping
Creating grid at (3 3 3)mm RAI resolution...
Warping per parent transform (NN interpolation) and resampling with NN interpolation (use -onewarp for single interpolation) ...
Changing view of xformed volumes
Cleanup ...
Working on file: GLM_glts ...
Applying tlrc warp from ./Anatomical_reg_AlndExp_ns_at+tlrc to GLM_glts+orig ...
Padding the input data before warping
Creating grid at (3 3 3)mm RAI resolution...
Warping per parent transform (NN interpolation) and resampling with NN interpolation (use -onewarp for single interpolation) ...
Changing view of xformed volumes
Cleanup ...
================Finished: sub02 !==============
======================sub03==========================
Center distance of 17.342145 mm
Padding ...
Notice:
Reusing skull stripped volume 
   Anatomical_reg_AlndExp_ns+orig found on disk.

Resampling ...
Clipping -0.000100 6465.000100 ...
Registration (linear final interpolation) ...
RMS[0] = 96.4365 52.0043   ITER = 12/137
96.4365

Warping has converged.

Applying brain mask
Unpadding ...
Changing view of transformed anatomy
Setting parent with 3drefit -wset Anatomical_reg_AlndExp+orig __ats_tmp___upad40_Anatomical_reg_AlndExp_ns_at+tlrc
Cleanup ...
Applying tlrc warp from ./Anatomical_reg_AlndExp_ns_at+tlrc to Anatomical_reg_AlndExp+orig ...
Padding the input data before warping
Creating grid at (1 1 1)mm RAI resolution...
Warping per parent transform (NN interpolation) and resampling with NN interpolation (use -onewarp for single interpolation) ...
Changing view of xformed volumes
Cleanup ...
Working on file: GLM ...
Applying tlrc warp from ./Anatomical_reg_AlndExp_ns_at+tlrc to GLM+orig ...
Padding the input data before warping
Creating grid at (3 3 3)mm RAI resolution...
Warping per parent transform (NN interpolation) and resampling with NN interpolation (use -onewarp for single interpolation) ...
Changing view of xformed volumes
Cleanup ...
Working on file: GLM_glts ...
Applying tlrc warp from ./Anatomical_reg_AlndExp_ns_at+tlrc to GLM_glts+orig ...
Padding the input data before warping
Creating grid at (3 3 3)mm RAI resolution...
Warping per parent transform (NN interpolation) and resampling with NN interpolation (use -onewarp for single interpolation) ...
Changing view of xformed volumes
Cleanup ...
================Finished: sub03 !==============
======================sub04==========================
Center distance of 17.342145 mm
Padding ...
Notice:
Reusing skull stripped volume 
   Anatomical_reg_AlndExp_ns+orig found on disk.

Resampling ...
Clipping -0.000100 6348.000100 ...
Registration (linear final interpolation) ...
RMS[0] = 97.7529 50.761   ITER = 12/137
97.7529

Warping has converged.

Applying brain mask
Unpadding ...
Changing view of transformed anatomy
Setting parent with 3drefit -wset Anatomical_reg_AlndExp+orig __ats_tmp___upad40_Anatomical_reg_AlndExp_ns_at+tlrc
Cleanup ...
Applying tlrc warp from ./Anatomical_reg_AlndExp_ns_at+tlrc to Anatomical_reg_AlndExp+orig ...
Padding the input data before warping
Creating grid at (1 1 1)mm RAI resolution...
Warping per parent transform (NN interpolation) and resampling with NN interpolation (use -onewarp for single interpolation) ...
Changing view of xformed volumes
Cleanup ...
Working on file: GLM ...
Applying tlrc warp from ./Anatomical_reg_AlndExp_ns_at+tlrc to GLM+orig ...
Padding the input data before warping
Creating grid at (3 3 3)mm RAI resolution...
Warping per parent transform (NN interpolation) and resampling with NN interpolation (use -onewarp for single interpolation) ...
Changing view of xformed volumes
Cleanup ...
Working on file: GLM_glts ...
Applying tlrc warp from ./Anatomical_reg_AlndExp_ns_at+tlrc to GLM_glts+orig ...
Padding the input data before warping
Creating grid at (3 3 3)mm RAI resolution...
Warping per parent transform (NN interpolation) and resampling with NN interpolation (use -onewarp for single interpolation) ...
Changing view of xformed volumes
Cleanup ...
================Finished: sub04 !==============
======================sub05==========================
Center distance of 17.342145 mm
Padding ...
Notice:
Reusing skull stripped volume 
   Anatomical_reg_AlndExp_ns+orig found on disk.

Resampling ...
Clipping -0.000100 6300.000100 ...
Registration (linear final interpolation) ...
RMS[0] = 92.407 49.019   ITER = 10/137
92.407

Warping has converged.

Applying brain mask
Unpadding ...
Changing view of transformed anatomy
Setting parent with 3drefit -wset Anatomical_reg_AlndExp+orig __ats_tmp___upad40_Anatomical_reg_AlndExp_ns_at+tlrc
Cleanup ...
Applying tlrc warp from ./Anatomical_reg_AlndExp_ns_at+tlrc to Anatomical_reg_AlndExp+orig ...
Padding the input data before warping
Creating grid at (1 1 1)mm RAI resolution...
Warping per parent transform (NN interpolation) and resampling with NN interpolation (use -onewarp for single interpolation) ...
Changing view of xformed volumes
Cleanup ...
Working on file: GLM ...
Applying tlrc warp from ./Anatomical_reg_AlndExp_ns_at+tlrc to GLM+orig ...
Padding the input data before warping
Creating grid at (3 3 3)mm RAI resolution...
Warping per parent transform (NN interpolation) and resampling with NN interpolation (use -onewarp for single interpolation) ...
Changing view of xformed volumes
Cleanup ...
Working on file: GLM_glts ...
Applying tlrc warp from ./Anatomical_reg_AlndExp_ns_at+tlrc to GLM_glts+orig ...
Padding the input data before warping
Creating grid at (3 3 3)mm RAI resolution...
Warping per parent transform (NN interpolation) and resampling with NN interpolation (use -onewarp for single interpolation) ...
Changing view of xformed volumes
Cleanup ...
================Finished: sub05 !==============
======================sub06==========================
Center distance of 17.342145 mm
Padding ...
Notice:
Reusing skull stripped volume 
   Anatomical_reg_AlndExp_ns+orig found on disk.

Resampling ...
Clipping -0.000100 5894.000100 ...
Registration (linear final interpolation) ...
RMS[0] = 91.3078 50.0568   ITER = 18/137
91.3078

Warping has converged.

Applying brain mask
Unpadding ...
Changing view of transformed anatomy
Setting parent with 3drefit -wset Anatomical_reg_AlndExp+orig __ats_tmp___upad40_Anatomical_reg_AlndExp_ns_at+tlrc
Cleanup ...
Applying tlrc warp from ./Anatomical_reg_AlndExp_ns_at+tlrc to Anatomical_reg_AlndExp+orig ...
Padding the input data before warping
Creating grid at (1 1 1)mm RAI resolution...
Warping per parent transform (NN interpolation) and resampling with NN interpolation (use -onewarp for single interpolation) ...
Changing view of xformed volumes
Cleanup ...
Working on file: GLM ...
Applying tlrc warp from ./Anatomical_reg_AlndExp_ns_at+tlrc to GLM+orig ...
Padding the input data before warping
Creating grid at (3 3 3)mm RAI resolution...
Warping per parent transform (NN interpolation) and resampling with NN interpolation (use -onewarp for single interpolation) ...
Changing view of xformed volumes
Cleanup ...
Working on file: GLM_glts ...
Applying tlrc warp from ./Anatomical_reg_AlndExp_ns_at+tlrc to GLM_glts+orig ...
Padding the input data before warping
Creating grid at (3 3 3)mm RAI resolution...
Warping per parent transform (NN interpolation) and resampling with NN interpolation (use -onewarp for single interpolation) ...
Changing view of xformed volumes
Cleanup ...
================Finished: sub06 !==============
======================sub07==========================
Center distance of 17.342145 mm
Padding ...
Notice:
Reusing skull stripped volume 
   Anatomical_reg_AlndExp_ns+orig found on disk.

Resampling ...
Clipping -0.000100 5338.000100 ...
Registration (linear final interpolation) ...
RMS[0] = 93.0745 52.1918   ITER = 10/137
93.0745

Warping has converged.

Applying brain mask
Unpadding ...
Changing view of transformed anatomy
Setting parent with 3drefit -wset Anatomical_reg_AlndExp+orig __ats_tmp___upad40_Anatomical_reg_AlndExp_ns_at+tlrc
Cleanup ...
Applying tlrc warp from ./Anatomical_reg_AlndExp_ns_at+tlrc to Anatomical_reg_AlndExp+orig ...
Padding the input data before warping
Creating grid at (1 1 1)mm RAI resolution...
Warping per parent transform (NN interpolation) and resampling with NN interpolation (use -onewarp for single interpolation) ...
Changing view of xformed volumes
Cleanup ...
Working on file: GLM ...
Applying tlrc warp from ./Anatomical_reg_AlndExp_ns_at+tlrc to GLM+orig ...
Padding the input data before warping
Creating grid at (3 3 3)mm RAI resolution...
Warping per parent transform (NN interpolation) and resampling with NN interpolation (use -onewarp for single interpolation) ...
Changing view of xformed volumes
Cleanup ...
Working on file: GLM_glts ...
Applying tlrc warp from ./Anatomical_reg_AlndExp_ns_at+tlrc to GLM_glts+orig ...
Padding the input data before warping
Creating grid at (3 3 3)mm RAI resolution...
Warping per parent transform (NN interpolation) and resampling with NN interpolation (use -onewarp for single interpolation) ...
Changing view of xformed volumes
Cleanup ...
================Finished: sub07 !==============
======================sub08==========================
Center distance of 17.342145 mm
Padding ...
Notice:
Reusing skull stripped volume 
   Anatomical_reg_AlndExp_ns+orig found on disk.

Resampling ...
Clipping -0.000100 6791.000100 ...
Registration (linear final interpolation) ...
RMS[0] = 97.3862 51.5601   ITER = 12/137
97.3862

Warping has converged.

Applying brain mask
Unpadding ...
Changing view of transformed anatomy
Setting parent with 3drefit -wset Anatomical_reg_AlndExp+orig __ats_tmp___upad40_Anatomical_reg_AlndExp_ns_at+tlrc
Cleanup ...
Applying tlrc warp from ./Anatomical_reg_AlndExp_ns_at+tlrc to Anatomical_reg_AlndExp+orig ...
Padding the input data before warping
Creating grid at (1 1 1)mm RAI resolution...
Warping per parent transform (NN interpolation) and resampling with NN interpolation (use -onewarp for single interpolation) ...
Changing view of xformed volumes
Cleanup ...
Working on file: GLM ...
Applying tlrc warp from ./Anatomical_reg_AlndExp_ns_at+tlrc to GLM+orig ...
Padding the input data before warping
Creating grid at (3 3 3)mm RAI resolution...
Warping per parent transform (NN interpolation) and resampling with NN interpolation (use -onewarp for single interpolation) ...
Changing view of xformed volumes
Cleanup ...
Working on file: GLM_glts ...
Applying tlrc warp from ./Anatomical_reg_AlndExp_ns_at+tlrc to GLM_glts+orig ...
Padding the input data before warping
Creating grid at (3 3 3)mm RAI resolution...
Warping per parent transform (NN interpolation) and resampling with NN interpolation (use -onewarp for single interpolation) ...
Changing view of xformed volumes
Cleanup ...
================Finished: sub08 !==============
======================sub09==========================
Center distance of 17.342145 mm
Padding ...
Notice:
Reusing skull stripped volume 
   Anatomical_reg_AlndExp_ns+orig found on disk.

Resampling ...
Clipping -0.000100 5969.000100 ...
Registration (linear final interpolation) ...
RMS[0] = 91.6626 48.5037   ITER = 9/137
91.6626

Warping has converged.

Applying brain mask
Unpadding ...
Changing view of transformed anatomy
Setting parent with 3drefit -wset Anatomical_reg_AlndExp+orig __ats_tmp___upad40_Anatomical_reg_AlndExp_ns_at+tlrc
Cleanup ...
Applying tlrc warp from ./Anatomical_reg_AlndExp_ns_at+tlrc to Anatomical_reg_AlndExp+orig ...
Padding the input data before warping
Creating grid at (1 1 1)mm RAI resolution...
Warping per parent transform (NN interpolation) and resampling with NN interpolation (use -onewarp for single interpolation) ...
Changing view of xformed volumes
Cleanup ...
Working on file: GLM ...
Applying tlrc warp from ./Anatomical_reg_AlndExp_ns_at+tlrc to GLM+orig ...
Padding the input data before warping
Creating grid at (3 3 3)mm RAI resolution...
Warping per parent transform (NN interpolation) and resampling with NN interpolation (use -onewarp for single interpolation) ...
Changing view of xformed volumes
Cleanup ...
Working on file: GLM_glts ...
Applying tlrc warp from ./Anatomical_reg_AlndExp_ns_at+tlrc to GLM_glts+orig ...
Padding the input data before warping
Creating grid at (3 3 3)mm RAI resolution...
Warping per parent transform (NN interpolation) and resampling with NN interpolation (use -onewarp for single interpolation) ...
Changing view of xformed volumes
Cleanup ...
================Finished: sub09 !==============
======================sub10==========================
Center distance of 17.342145 mm
Padding ...
Notice:
Reusing skull stripped volume 
   Anatomical_reg_AlndExp_ns+orig found on disk.

Resampling ...
Clipping -0.000100 6785.000100 ...
Registration (linear final interpolation) ...
RMS[0] = 87.441 49.5599   ITER = 9/137
87.441

Warping has converged.

Applying brain mask
Unpadding ...
Changing view of transformed anatomy
Setting parent with 3drefit -wset Anatomical_reg_AlndExp+orig __ats_tmp___upad40_Anatomical_reg_AlndExp_ns_at+tlrc
Cleanup ...
Applying tlrc warp from ./Anatomical_reg_AlndExp_ns_at+tlrc to Anatomical_reg_AlndExp+orig ...
Padding the input data before warping
Creating grid at (1 1 1)mm RAI resolution...
Warping per parent transform (NN interpolation) and resampling with NN interpolation (use -onewarp for single interpolation) ...
Changing view of xformed volumes
Cleanup ...
Working on file: GLM ...
Applying tlrc warp from ./Anatomical_reg_AlndExp_ns_at+tlrc to GLM+orig ...
Padding the input data before warping
Creating grid at (3 3 3)mm RAI resolution...
Warping per parent transform (NN interpolation) and resampling with NN interpolation (use -onewarp for single interpolation) ...
Changing view of xformed volumes
Cleanup ...
Working on file: GLM_glts ...
Applying tlrc warp from ./Anatomical_reg_AlndExp_ns_at+tlrc to GLM_glts+orig ...
Padding the input data before warping
Creating grid at (3 3 3)mm RAI resolution...
Warping per parent transform (NN interpolation) and resampling with NN interpolation (use -onewarp for single interpolation) ...
Changing view of xformed volumes
Cleanup ...
================Finished: sub10 !==============
======================sub11==========================
Center distance of 17.342145 mm
Padding ...
Notice:
Reusing skull stripped volume 
   Anatomical_reg_AlndExp_ns+orig found on disk.

Resampling ...
Clipping -0.000100 6781.000100 ...
Registration (linear final interpolation) ...
RMS[0] = 95.4535 50.1288   ITER = 13/137
95.4535

Warping has converged.

Applying brain mask
Unpadding ...
Changing view of transformed anatomy
Setting parent with 3drefit -wset Anatomical_reg_AlndExp+orig __ats_tmp___upad40_Anatomical_reg_AlndExp_ns_at+tlrc
Cleanup ...
Applying tlrc warp from ./Anatomical_reg_AlndExp_ns_at+tlrc to Anatomical_reg_AlndExp+orig ...
Padding the input data before warping
Creating grid at (1 1 1)mm RAI resolution...
Warping per parent transform (NN interpolation) and resampling with NN interpolation (use -onewarp for single interpolation) ...
Changing view of xformed volumes
Cleanup ...
Working on file: GLM ...
Applying tlrc warp from ./Anatomical_reg_AlndExp_ns_at+tlrc to GLM+orig ...
Padding the input data before warping
Creating grid at (3 3 3)mm RAI resolution...
Warping per parent transform (NN interpolation) and resampling with NN interpolation (use -onewarp for single interpolation) ...
Changing view of xformed volumes
Cleanup ...
Working on file: GLM_glts ...
Applying tlrc warp from ./Anatomical_reg_AlndExp_ns_at+tlrc to GLM_glts+orig ...
Padding the input data before warping
Creating grid at (3 3 3)mm RAI resolution...
Warping per parent transform (NN interpolation) and resampling with NN interpolation (use -onewarp for single interpolation) ...
Changing view of xformed volumes
Cleanup ...
================Finished: sub11 !==============
======================sub12==========================
Center distance of 17.342145 mm
Padding ...
Notice:
Reusing skull stripped volume 
   Anatomical_reg_AlndExp_ns+orig found on disk.

Resampling ...
Clipping -0.000100 5796.000100 ...
Registration (linear final interpolation) ...
RMS[0] = 94.7316 51.245   ITER = 12/137
94.7316

Warping has converged.

Applying brain mask
Unpadding ...
Changing view of transformed anatomy
Setting parent with 3drefit -wset Anatomical_reg_AlndExp+orig __ats_tmp___upad40_Anatomical_reg_AlndExp_ns_at+tlrc
Cleanup ...
Applying tlrc warp from ./Anatomical_reg_AlndExp_ns_at+tlrc to Anatomical_reg_AlndExp+orig ...
Padding the input data before warping
Creating grid at (1 1 1)mm RAI resolution...
Warping per parent transform (NN interpolation) and resampling with NN interpolation (use -onewarp for single interpolation) ...
Changing view of xformed volumes
Cleanup ...
Working on file: GLM ...
Applying tlrc warp from ./Anatomical_reg_AlndExp_ns_at+tlrc to GLM+orig ...
Padding the input data before warping
Creating grid at (3 3 3)mm RAI resolution...
Warping per parent transform (NN interpolation) and resampling with NN interpolation (use -onewarp for single interpolation) ...
Changing view of xformed volumes
Cleanup ...
Working on file: GLM_glts ...
Applying tlrc warp from ./Anatomical_reg_AlndExp_ns_at+tlrc to GLM_glts+orig ...
Padding the input data before warping
Creating grid at (3 3 3)mm RAI resolution...
Warping per parent transform (NN interpolation) and resampling with NN interpolation (use -onewarp for single interpolation) ...
Changing view of xformed volumes
Cleanup ...
================Finished: sub12 !==============
======================sub13==========================
Center distance of 17.342145 mm
Padding ...
Notice:
Reusing skull stripped volume 
   Anatomical_reg_AlndExp_ns+orig found on disk.

Resampling ...
Clipping -0.000100 6301.000100 ...
Registration (linear final interpolation) ...
RMS[0] = 92.2528 52.7755   ITER = 12/137
92.2528

Warping has converged.

Applying brain mask
Unpadding ...
Changing view of transformed anatomy
Setting parent with 3drefit -wset Anatomical_reg_AlndExp+orig __ats_tmp___upad40_Anatomical_reg_AlndExp_ns_at+tlrc
Cleanup ...
Applying tlrc warp from ./Anatomical_reg_AlndExp_ns_at+tlrc to Anatomical_reg_AlndExp+orig ...
Padding the input data before warping
Creating grid at (1 1 1)mm RAI resolution...
Warping per parent transform (NN interpolation) and resampling with NN interpolation (use -onewarp for single interpolation) ...
Changing view of xformed volumes
Cleanup ...
Working on file: GLM ...
Applying tlrc warp from ./Anatomical_reg_AlndExp_ns_at+tlrc to GLM+orig ...
Padding the input data before warping
Creating grid at (3 3 3)mm RAI resolution...
Warping per parent transform (NN interpolation) and resampling with NN interpolation (use -onewarp for single interpolation) ...
Changing view of xformed volumes
Cleanup ...
Working on file: GLM_glts ...
Applying tlrc warp from ./Anatomical_reg_AlndExp_ns_at+tlrc to GLM_glts+orig ...
Padding the input data before warping
Creating grid at (3 3 3)mm RAI resolution...
Warping per parent transform (NN interpolation) and resampling with NN interpolation (use -onewarp for single interpolation) ...
Changing view of xformed volumes
Cleanup ...
================Finished: sub13 !==============
======================sub14==========================
Center distance of 17.342145 mm
Padding ...
Notice:
Reusing skull stripped volume 
   Anatomical_reg_AlndExp_ns+orig found on disk.

Resampling ...
Failed to resample
Error: Template (or -apar) dset Anatomical_reg_AlndExp_ns_at+tlrc not found.
Working on file: GLM ...
Error: Template (or -apar) dset Anatomical_reg_AlndExp_ns_at+tlrc not found.
Working on file: GLM_glts ...
Error: Template (or -apar) dset Anatomical_reg_AlndExp_ns_at+tlrc not found.
================Finished: sub14 !==============
======================sub15==========================
Center distance of 17.342145 mm
Padding ...
Notice:
Reusing skull stripped volume 
   Anatomical_reg_AlndExp_ns+orig found on disk.

Resampling ...
Clipping -0.000100 6115.000100 ...
Registration (linear final interpolation) ...
RMS[0] = 92.1485 49.8544   ITER = 18/137
92.1485

Warping has converged.

Applying brain mask
Unpadding ...
Changing view of transformed anatomy
Setting parent with 3drefit -wset Anatomical_reg_AlndExp+orig __ats_tmp___upad40_Anatomical_reg_AlndExp_ns_at+tlrc
Cleanup ...
Applying tlrc warp from ./Anatomical_reg_AlndExp_ns_at+tlrc to Anatomical_reg_AlndExp+orig ...
Padding the input data before warping
Creating grid at (1 1 1)mm RAI resolution...
Warping per parent transform (NN interpolation) and resampling with NN interpolation (use -onewarp for single interpolation) ...
Changing view of xformed volumes
Cleanup ...
Working on file: GLM ...
Applying tlrc warp from ./Anatomical_reg_AlndExp_ns_at+tlrc to GLM+orig ...
Padding the input data before warping
Creating grid at (3 3 3)mm RAI resolution...
Warping per parent transform (NN interpolation) and resampling with NN interpolation (use -onewarp for single interpolation) ...
Changing view of xformed volumes
Cleanup ...
Working on file: GLM_glts ...
Applying tlrc warp from ./Anatomical_reg_AlndExp_ns_at+tlrc to GLM_glts+orig ...
Padding the input data before warping
Creating grid at (3 3 3)mm RAI resolution...
Warping per parent transform (NN interpolation) and resampling with NN interpolation (use -onewarp for single interpolation) ...
Changing view of xformed volumes
Cleanup ...
================Finished: sub15 !==============
======================sub16==========================
Center distance of 17.342145 mm
Padding ...
Notice:
Reusing skull stripped volume 
   Anatomical_reg_AlndExp_ns+orig found on disk.

Resampling ...
Clipping -0.000100 6059.000100 ...
Registration (linear final interpolation) ...
RMS[0] = 93.3732 51.1537   ITER = 12/137
93.3732

Warping has converged.

Applying brain mask
Unpadding ...
Changing view of transformed anatomy
Setting parent with 3drefit -wset Anatomical_reg_AlndExp+orig __ats_tmp___upad40_Anatomical_reg_AlndExp_ns_at+tlrc
Cleanup ...
Applying tlrc warp from ./Anatomical_reg_AlndExp_ns_at+tlrc to Anatomical_reg_AlndExp+orig ...
Padding the input data before warping
Creating grid at (1 1 1)mm RAI resolution...
Warping per parent transform (NN interpolation) and resampling with NN interpolation (use -onewarp for single interpolation) ...
Changing view of xformed volumes
Cleanup ...
Working on file: GLM ...
Applying tlrc warp from ./Anatomical_reg_AlndExp_ns_at+tlrc to GLM+orig ...
Padding the input data before warping
Creating grid at (3 3 3)mm RAI resolution...
Warping per parent transform (NN interpolation) and resampling with NN interpolation (use -onewarp for single interpolation) ...
Changing view of xformed volumes
Cleanup ...
Working on file: GLM_glts ...
Applying tlrc warp from ./Anatomical_reg_AlndExp_ns_at+tlrc to GLM_glts+orig ...
Padding the input data before warping
Creating grid at (3 3 3)mm RAI resolution...
Warping per parent transform (NN interpolation) and resampling with NN interpolation (use -onewarp for single interpolation) ...
Changing view of xformed volumes
Cleanup ...
================Finished: sub16 !==============
======================sub17==========================
Center distance of 17.342145 mm
Padding ...
Notice:
Reusing skull stripped volume 
   Anatomical_reg_AlndExp_ns+orig found on disk.

Resampling ...
Clipping -0.000100 6695.000100 ...
Registration (linear final interpolation) ...
RMS[0] = 92.6047 49.7621   ITER = 12/137
92.6047

Warping has converged.

Applying brain mask
Unpadding ...
Changing view of transformed anatomy
Setting parent with 3drefit -wset Anatomical_reg_AlndExp+orig __ats_tmp___upad40_Anatomical_reg_AlndExp_ns_at+tlrc
Cleanup ...
Applying tlrc warp from ./Anatomical_reg_AlndExp_ns_at+tlrc to Anatomical_reg_AlndExp+orig ...
Padding the input data before warping
Creating grid at (1 1 1)mm RAI resolution...
Warping per parent transform (NN interpolation) and resampling with NN interpolation (use -onewarp for single interpolation) ...
Changing view of xformed volumes
Cleanup ...
Working on file: GLM ...
Applying tlrc warp from ./Anatomical_reg_AlndExp_ns_at+tlrc to GLM+orig ...
Padding the input data before warping
Creating grid at (3 3 3)mm RAI resolution...
Warping per parent transform (NN interpolation) and resampling with NN interpolation (use -onewarp for single interpolation) ...
Changing view of xformed volumes
Cleanup ...
Working on file: GLM_glts ...
Applying tlrc warp from ./Anatomical_reg_AlndExp_ns_at+tlrc to GLM_glts+orig ...
Padding the input data before warping
Creating grid at (3 3 3)mm RAI resolution...
Warping per parent transform (NN interpolation) and resampling with NN interpolation (use -onewarp for single interpolation) ...
Changing view of xformed volumes
Cleanup ...
================Finished: sub17 !==============
======================sub18==========================
Center distance of 17.342145 mm
Padding ...
Notice:
Reusing skull stripped volume 
   Anatomical_reg_AlndExp_ns+orig found on disk.

Resampling ...
Failed to resample
Error: Template (or -apar) dset Anatomical_reg_AlndExp_ns_at+tlrc not found.
Working on file: GLM ...
Error: Template (or -apar) dset Anatomical_reg_AlndExp_ns_at+tlrc not found.
Working on file: GLM_glts ...
Error: Template (or -apar) dset Anatomical_reg_AlndExp_ns_at+tlrc not found.
================Finished: sub18 !==============
======================sub19==========================
Center distance of 17.342145 mm
Padding ...
Notice:
Reusing skull stripped volume 
   Anatomical_reg_AlndExp_ns+orig found on disk.

Resampling ...
Clipping -0.000100 6366.000100 ...
Registration (linear final interpolation) ...
RMS[0] = 87.1425 50.8426   ITER = 10/137
87.1425

Warping has converged.

Applying brain mask
Unpadding ...
Changing view of transformed anatomy
Setting parent with 3drefit -wset Anatomical_reg_AlndExp+orig __ats_tmp___upad40_Anatomical_reg_AlndExp_ns_at+tlrc
Cleanup ...
Applying tlrc warp from ./Anatomical_reg_AlndExp_ns_at+tlrc to Anatomical_reg_AlndExp+orig ...
Padding the input data before warping
Creating grid at (1 1 1)mm RAI resolution...
Warping per parent transform (NN interpolation) and resampling with NN interpolation (use -onewarp for single interpolation) ...
Changing view of xformed volumes
Cleanup ...
Working on file: GLM ...
Applying tlrc warp from ./Anatomical_reg_AlndExp_ns_at+tlrc to GLM+orig ...
Padding the input data before warping
Creating grid at (3 3 3)mm RAI resolution...
Warping per parent transform (NN interpolation) and resampling with NN interpolation (use -onewarp for single interpolation) ...
Changing view of xformed volumes
Cleanup ...
Working on file: GLM_glts ...
Applying tlrc warp from ./Anatomical_reg_AlndExp_ns_at+tlrc to GLM_glts+orig ...
Padding the input data before warping
Creating grid at (3 3 3)mm RAI resolution...
Warping per parent transform (NN interpolation) and resampling with NN interpolation (use -onewarp for single interpolation) ...
Changing view of xformed volumes
Cleanup ...
================Finished: sub19 !==============
======================sub20==========================
Center distance of 17.342145 mm
Padding ...
Notice:
Reusing skull stripped volume 
   Anatomical_reg_AlndExp_ns+orig found on disk.

Resampling ...
Clipping -0.000100 6499.000100 ...
Registration (linear final interpolation) ...
RMS[0] = 91.0228 50.84   ITER = 12/137
91.0228

Warping has converged.

Applying brain mask
Unpadding ...
Changing view of transformed anatomy
Setting parent with 3drefit -wset Anatomical_reg_AlndExp+orig __ats_tmp___upad40_Anatomical_reg_AlndExp_ns_at+tlrc
Cleanup ...
Applying tlrc warp from ./Anatomical_reg_AlndExp_ns_at+tlrc to Anatomical_reg_AlndExp+orig ...
Padding the input data before warping
Creating grid at (1 1 1)mm RAI resolution...
Warping per parent transform (NN interpolation) and resampling with NN interpolation (use -onewarp for single interpolation) ...
Changing view of xformed volumes
Cleanup ...
Working on file: GLM ...
Applying tlrc warp from ./Anatomical_reg_AlndExp_ns_at+tlrc to GLM+orig ...
Padding the input data before warping
Creating grid at (3 3 3)mm RAI resolution...
Warping per parent transform (NN interpolation) and resampling with NN interpolation (use -onewarp for single interpolation) ...
Changing view of xformed volumes
Cleanup ...
Working on file: GLM_glts ...
Applying tlrc warp from ./Anatomical_reg_AlndExp_ns_at+tlrc to GLM_glts+orig ...
Padding the input data before warping
Creating grid at (3 3 3)mm RAI resolution...
Warping per parent transform (NN interpolation) and resampling with NN interpolation (use -onewarp for single interpolation) ...
Changing view of xformed volumes
Cleanup ...
================Finished: sub20 !==============
======================sub21==========================
Center distance of 17.342145 mm
Padding ...
Notice:
Reusing skull stripped volume 
   Anatomical_reg_AlndExp_ns+orig found on disk.

Resampling ...
Failed to resample
Error: Template (or -apar) dset Anatomical_reg_AlndExp_ns_at+tlrc not found.
Working on file: GLM ...
Error: Template (or -apar) dset Anatomical_reg_AlndExp_ns_at+tlrc not found.
Working on file: GLM_glts ...
Error: Template (or -apar) dset Anatomical_reg_AlndExp_ns_at+tlrc not found.
================Finished: sub21 !==============
======================sub22==========================
Center distance of 17.342145 mm
Padding ...
Notice:
Reusing skull stripped volume 
   Anatomical_reg_AlndExp_ns+orig found on disk.

Resampling ...
Failed to resample
Error: Template (or -apar) dset Anatomical_reg_AlndExp_ns_at+tlrc not found.
Working on file: GLM ...
Error: Template (or -apar) dset Anatomical_reg_AlndExp_ns_at+tlrc not found.
Working on file: GLM_glts ...
Error: Template (or -apar) dset Anatomical_reg_AlndExp_ns_at+tlrc not found.
================Finished: sub22 !==============
======================sub23==========================
Center distance of 17.342145 mm
Padding ...
Notice:
Reusing skull stripped volume 
   Anatomical_reg_AlndExp_ns+orig found on disk.

Resampling ...
Failed to resample
Error: Template (or -apar) dset Anatomical_reg_AlndExp_ns_at+tlrc not found.
Working on file: GLM ...
Error: Template (or -apar) dset Anatomical_reg_AlndExp_ns_at+tlrc not found.
Working on file: GLM_glts ...
Error: Template (or -apar) dset Anatomical_reg_AlndExp_ns_at+tlrc not found.
================Finished: sub23 !==============
======================sub24==========================
Center distance of 17.342145 mm
Padding ...
Notice:
Reusing skull stripped volume 
   Anatomical_reg_AlndExp_ns+orig found on disk.

Resampling ...
Failed to resample
Error: Template (or -apar) dset Anatomical_reg_AlndExp_ns_at+tlrc not found.
Working on file: GLM ...
Error: Template (or -apar) dset Anatomical_reg_AlndExp_ns_at+tlrc not found.
Working on file: GLM_glts ...
Error: Template (or -apar) dset Anatomical_reg_AlndExp_ns_at+tlrc not found.
================Finished: sub24 !==============
======================sub25==========================
Center distance of 17.342145 mm
Padding ...
Notice:
Reusing skull stripped volume 
   Anatomical_reg_AlndExp_ns+orig found on disk.

Resampling ...
Failed to resample
Error: Template (or -apar) dset Anatomical_reg_AlndExp_ns_at+tlrc not found.
Working on file: GLM ...
Error: Template (or -apar) dset Anatomical_reg_AlndExp_ns_at+tlrc not found.
Working on file: GLM_glts ...
Error: Template (or -apar) dset Anatomical_reg_AlndExp_ns_at+tlrc not found.
================Finished: sub25 !==============
======================sub26==========================
Center distance of 17.342145 mm
Padding ...
Notice:
Reusing skull stripped volume 
   Anatomical_reg_AlndExp_ns+orig found on disk.

Resampling ...
Clipping -0.000100 6240.000100 ...
Registration (linear final interpolation) ...
RMS[0] = 96.0931 51.3464   ITER = 12/137
96.0931

Warping has converged.

Applying brain mask
Unpadding ...
Changing view of transformed anatomy
Setting parent with 3drefit -wset Anatomical_reg_AlndExp+orig __ats_tmp___upad40_Anatomical_reg_AlndExp_ns_at+tlrc
Cleanup ...
Applying tlrc warp from ./Anatomical_reg_AlndExp_ns_at+tlrc to Anatomical_reg_AlndExp+orig ...
Padding the input data before warping
Creating grid at (1 1 1)mm RAI resolution...
Warping per parent transform (NN interpolation) and resampling with NN interpolation (use -onewarp for single interpolation) ...
Changing view of xformed volumes
Cleanup ...
Working on file: GLM ...
Applying tlrc warp from ./Anatomical_reg_AlndExp_ns_at+tlrc to GLM+orig ...
Padding the input data before warping
Creating grid at (3 3 3)mm RAI resolution...
Warping per parent transform (NN interpolation) and resampling with NN interpolation (use -onewarp for single interpolation) ...
Changing view of xformed volumes
Cleanup ...
Working on file: GLM_glts ...
Applying tlrc warp from ./Anatomical_reg_AlndExp_ns_at+tlrc to GLM_glts+orig ...
Padding the input data before warping
Creating grid at (3 3 3)mm RAI resolution...
Warping per parent transform (NN interpolation) and resampling with NN interpolation (use -onewarp for single interpolation) ...
Changing view of xformed volumes
Cleanup ...
================Finished: sub26 !==============
======================sub27==========================
Center distance of 17.342145 mm
Padding ...
Notice:
Reusing skull stripped volume 
   Anatomical_reg_AlndExp_ns+orig found on disk.

Resampling ...
Clipping -0.000100 6091.000100 ...
Registration (linear final interpolation) ...
RMS[0] = 91.3174 51.6058   ITER = 12/137
91.3174

Warping has converged.

Applying brain mask
Unpadding ...
Changing view of transformed anatomy
Setting parent with 3drefit -wset Anatomical_reg_AlndExp+orig __ats_tmp___upad40_Anatomical_reg_AlndExp_ns_at+tlrc
Cleanup ...
Applying tlrc warp from ./Anatomical_reg_AlndExp_ns_at+tlrc to Anatomical_reg_AlndExp+orig ...
Padding the input data before warping
Creating grid at (1 1 1)mm RAI resolution...
Warping per parent transform (NN interpolation) and resampling with NN interpolation (use -onewarp for single interpolation) ...
Changing view of xformed volumes
Cleanup ...
Working on file: GLM ...
Applying tlrc warp from ./Anatomical_reg_AlndExp_ns_at+tlrc to GLM+orig ...
Padding the input data before warping
Creating grid at (3 3 3)mm RAI resolution...
Warping per parent transform (NN interpolation) and resampling with NN interpolation (use -onewarp for single interpolation) ...
Changing view of xformed volumes
Cleanup ...
Working on file: GLM_glts ...
Applying tlrc warp from ./Anatomical_reg_AlndExp_ns_at+tlrc to GLM_glts+orig ...
Padding the input data before warping
Creating grid at (3 3 3)mm RAI resolution...
Warping per parent transform (NN interpolation) and resampling with NN interpolation (use -onewarp for single interpolation) ...
Changing view of xformed volumes
Cleanup ...
================Finished: sub27 !==============
======================sub28==========================
Center distance of 17.342145 mm
Padding ...
Notice:
Reusing skull stripped volume 
   Anatomical_reg_AlndExp_ns+orig found on disk.

Resampling ...
Clipping -0.000100 6187.000100 ...
Registration (linear final interpolation) ...
RMS[0] = 91.4607 49.7926   ITER = 18/137
91.4607

Warping has converged.

Applying brain mask
Unpadding ...
Changing view of transformed anatomy
Setting parent with 3drefit -wset Anatomical_reg_AlndExp+orig __ats_tmp___upad40_Anatomical_reg_AlndExp_ns_at+tlrc
Cleanup ...
Applying tlrc warp from ./Anatomical_reg_AlndExp_ns_at+tlrc to Anatomical_reg_AlndExp+orig ...
Padding the input data before warping
Creating grid at (1 1 1)mm RAI resolution...
Warping per parent transform (NN interpolation) and resampling with NN interpolation (use -onewarp for single interpolation) ...
Changing view of xformed volumes
Cleanup ...
Working on file: GLM ...
Applying tlrc warp from ./Anatomical_reg_AlndExp_ns_at+tlrc to GLM+orig ...
Padding the input data before warping
Creating grid at (3 3 3)mm RAI resolution...
Warping per parent transform (NN interpolation) and resampling with NN interpolation (use -onewarp for single interpolation) ...
Changing view of xformed volumes
Cleanup ...
Working on file: GLM_glts ...
Applying tlrc warp from ./Anatomical_reg_AlndExp_ns_at+tlrc to GLM_glts+orig ...
Padding the input data before warping
Creating grid at (3 3 3)mm RAI resolution...
Warping per parent transform (NN interpolation) and resampling with NN interpolation (use -onewarp for single interpolation) ...
Changing view of xformed volumes
Cleanup ...
================Finished: sub28 !==============
======================sub29==========================
Center distance of 17.342145 mm
Padding ...
Notice:
Reusing skull stripped volume 
   Anatomical_reg_AlndExp_ns+orig found on disk.

Resampling ...
Clipping -0.000100 6025.000100 ...
Registration (linear final interpolation) ...
RMS[0] = 87.8385 49.2979   ITER = 10/137
87.8385

Warping has converged.

Applying brain mask
Unpadding ...
Changing view of transformed anatomy
Setting parent with 3drefit -wset Anatomical_reg_AlndExp+orig __ats_tmp___upad40_Anatomical_reg_AlndExp_ns_at+tlrc
Cleanup ...
Applying tlrc warp from ./Anatomical_reg_AlndExp_ns_at+tlrc to Anatomical_reg_AlndExp+orig ...
Padding the input data before warping
Creating grid at (1 1 1)mm RAI resolution...
Warping per parent transform (NN interpolation) and resampling with NN interpolation (use -onewarp for single interpolation) ...
Changing view of xformed volumes
Cleanup ...
Working on file: GLM ...
Applying tlrc warp from ./Anatomical_reg_AlndExp_ns_at+tlrc to GLM+orig ...
Padding the input data before warping
Creating grid at (3 3 3)mm RAI resolution...
Warping per parent transform (NN interpolation) and resampling with NN interpolation (use -onewarp for single interpolation) ...
Changing view of xformed volumes
Cleanup ...
Working on file: GLM_glts ...
Applying tlrc warp from ./Anatomical_reg_AlndExp_ns_at+tlrc to GLM_glts+orig ...
Padding the input data before warping
Creating grid at (3 3 3)mm RAI resolution...
Warping per parent transform (NN interpolation) and resampling with NN interpolation (use -onewarp for single interpolation) ...
Changing view of xformed volumes
Cleanup ...
================Finished: sub29 !==============
======================sub30==========================
Center distance of 17.342145 mm
Padding ...
Notice:
Reusing skull stripped volume 
   Anatomical_reg_AlndExp_ns+orig found on disk.

Resampling ...
Clipping -0.000100 6350.000100 ...
Registration (linear final interpolation) ...
RMS[0] = 93.246 50.0189   ITER = 13/137
93.246

Warping has converged.

Applying brain mask
Unpadding ...
Changing view of transformed anatomy
Setting parent with 3drefit -wset Anatomical_reg_AlndExp+orig __ats_tmp___upad40_Anatomical_reg_AlndExp_ns_at+tlrc
Cleanup ...
Applying tlrc warp from ./Anatomical_reg_AlndExp_ns_at+tlrc to Anatomical_reg_AlndExp+orig ...
Padding the input data before warping
Creating grid at (1 1 1)mm RAI resolution...
Warping per parent transform (NN interpolation) and resampling with NN interpolation (use -onewarp for single interpolation) ...
Changing view of xformed volumes
Cleanup ...
Working on file: GLM ...
Error: Anatomical dset GLM+orig not found.
Working on file: GLM_glts ...
Error: Anatomical dset GLM_glts+orig not found.
================Finished: sub30 !==============
======================sub31==========================
Center distance of 17.342145 mm
Padding ...
Notice:
Reusing skull stripped volume 
   Anatomical_reg_AlndExp_ns+orig found on disk.

Resampling ...
Clipping -0.000100 5323.000100 ...
Registration (linear final interpolation) ...
RMS[0] = 93.1866 51.3627   ITER = 12/137
93.1866

Warping has converged.

Applying brain mask
Unpadding ...
Changing view of transformed anatomy
Setting parent with 3drefit -wset Anatomical_reg_AlndExp+orig __ats_tmp___upad40_Anatomical_reg_AlndExp_ns_at+tlrc
Cleanup ...
Applying tlrc warp from ./Anatomical_reg_AlndExp_ns_at+tlrc to Anatomical_reg_AlndExp+orig ...
Padding the input data before warping
Creating grid at (1 1 1)mm RAI resolution...
Warping per parent transform (NN interpolation) and resampling with NN interpolation (use -onewarp for single interpolation) ...
Changing view of xformed volumes
Cleanup ...
Working on file: GLM ...
Applying tlrc warp from ./Anatomical_reg_AlndExp_ns_at+tlrc to GLM+orig ...
Padding the input data before warping
Creating grid at (3 3 3)mm RAI resolution...
Warping per parent transform (NN interpolation) and resampling with NN interpolation (use -onewarp for single interpolation) ...
Changing view of xformed volumes
Cleanup ...
Working on file: GLM_glts ...
Applying tlrc warp from ./Anatomical_reg_AlndExp_ns_at+tlrc to GLM_glts+orig ...
Padding the input data before warping
Creating grid at (3 3 3)mm RAI resolution...
Warping per parent transform (NN interpolation) and resampling with NN interpolation (use -onewarp for single interpolation) ...
Changing view of xformed volumes
Cleanup ...
================Finished: sub31 !==============
======================sub32==========================
Center distance of 17.342145 mm
Padding ...
Notice:
Reusing skull stripped volume 
   Anatomical_reg_AlndExp_ns+orig found on disk.

Resampling ...
Clipping -0.000100 6102.000100 ...
Registration (linear final interpolation) ...
RMS[0] = 96.5648 50.2208   ITER = 12/137
96.5648

Warping has converged.

Applying brain mask
Unpadding ...
Changing view of transformed anatomy
Setting parent with 3drefit -wset Anatomical_reg_AlndExp+orig __ats_tmp___upad40_Anatomical_reg_AlndExp_ns_at+tlrc
Cleanup ...
Applying tlrc warp from ./Anatomical_reg_AlndExp_ns_at+tlrc to Anatomical_reg_AlndExp+orig ...
Padding the input data before warping
Creating grid at (1 1 1)mm RAI resolution...
Warping per parent transform (NN interpolation) and resampling with NN interpolation (use -onewarp for single interpolation) ...
Changing view of xformed volumes
Cleanup ...
Working on file: GLM ...
Applying tlrc warp from ./Anatomical_reg_AlndExp_ns_at+tlrc to GLM+orig ...
Padding the input data before warping
Creating grid at (3 3 3)mm RAI resolution...
Warping per parent transform (NN interpolation) and resampling with NN interpolation (use -onewarp for single interpolation) ...
Changing view of xformed volumes
Cleanup ...
Working on file: GLM_glts ...
Applying tlrc warp from ./Anatomical_reg_AlndExp_ns_at+tlrc to GLM_glts+orig ...
Padding the input data before warping
Creating grid at (3 3 3)mm RAI resolution...
Warping per parent transform (NN interpolation) and resampling with NN interpolation (use -onewarp for single interpolation) ...
Changing view of xformed volumes
Cleanup ...
================Finished: sub32 !==============
======================sub33==========================
Center distance of 17.342145 mm
Padding ...
Notice:
Reusing skull stripped volume 
   Anatomical_reg_AlndExp_ns+orig found on disk.

Resampling ...
Clipping -0.000100 6152.000100 ...
Registration (linear final interpolation) ...
RMS[0] = 91.9985 51.1283   ITER = 18/137
91.9985

Warping has converged.

Applying brain mask
Unpadding ...
Changing view of transformed anatomy
Setting parent with 3drefit -wset Anatomical_reg_AlndExp+orig __ats_tmp___upad40_Anatomical_reg_AlndExp_ns_at+tlrc
Cleanup ...
Applying tlrc warp from ./Anatomical_reg_AlndExp_ns_at+tlrc to Anatomical_reg_AlndExp+orig ...
Padding the input data before warping
Creating grid at (1 1 1)mm RAI resolution...
Warping per parent transform (NN interpolation) and resampling with NN interpolation (use -onewarp for single interpolation) ...
Changing view of xformed volumes
Cleanup ...
Working on file: GLM ...
Applying tlrc warp from ./Anatomical_reg_AlndExp_ns_at+tlrc to GLM+orig ...
Padding the input data before warping
Creating grid at (3 3 3)mm RAI resolution...
Warping per parent transform (NN interpolation) and resampling with NN interpolation (use -onewarp for single interpolation) ...
Changing view of xformed volumes
Cleanup ...
Working on file: GLM_glts ...
Applying tlrc warp from ./Anatomical_reg_AlndExp_ns_at+tlrc to GLM_glts+orig ...
Padding the input data before warping
Creating grid at (3 3 3)mm RAI resolution...
Warping per parent transform (NN interpolation) and resampling with NN interpolation (use -onewarp for single interpolation) ...
Changing view of xformed volumes
Cleanup ...
================Finished: sub33 !==============
================Finished: all ==============
