======================sub02==========================
Error: Output dset Anatomical_reg_AlndExp_ns_at+tlrc exists
Error: Output dset Anatomical_reg_AlndExp_at+tlrc exists
++ 3dAFNItoNIFTI: AFNI version=AFNI_16.0.00 (Jan  1 2016) [64-bit]
++ 3dAFNItoNIFTI: AFNI version=AFNI_16.0.00 (Jan  1 2016) [64-bit]
Working on file: GLM_2 ...
Error: Output dset GLM_2_at+tlrc exists
++ 3dAFNItoNIFTI: AFNI version=AFNI_16.0.00 (Jan  1 2016) [64-bit]
Working on file: GLM_2_glts ...
Error: Output dset GLM_2_glts_at+tlrc exists
++ 3dAFNItoNIFTI: AFNI version=AFNI_16.0.00 (Jan  1 2016) [64-bit]
================Finished: sub02 !==============
======================sub03==========================
Error: Output dset Anatomical_reg_AlndExp_ns_at+tlrc exists
Error: Output dset Anatomical_reg_AlndExp_at+tlrc exists
++ 3dAFNItoNIFTI: AFNI version=AFNI_16.0.00 (Jan  1 2016) [64-bit]
++ 3dAFNItoNIFTI: AFNI version=AFNI_16.0.00 (Jan  1 2016) [64-bit]
Working on file: GLM_2 ...
Error: Output dset GLM_2_at+tlrc exists
++ 3dAFNItoNIFTI: AFNI version=AFNI_16.0.00 (Jan  1 2016) [64-bit]
Working on file: GLM_2_glts ...
Error: Output dset GLM_2_glts_at+tlrc exists
++ 3dAFNItoNIFTI: AFNI version=AFNI_16.0.00 (Jan  1 2016) [64-bit]
================Finished: sub03 !==============
======================sub04==========================
Error: Output dset Anatomical_reg_AlndExp_ns_at+tlrc exists
Error: Output dset Anatomical_reg_AlndExp_at+tlrc exists
++ 3dAFNItoNIFTI: AFNI version=AFNI_16.0.00 (Jan  1 2016) [64-bit]
++ 3dAFNItoNIFTI: AFNI version=AFNI_16.0.00 (Jan  1 2016) [64-bit]
Working on file: GLM_2 ...
Error: Output dset GLM_2_at+tlrc exists
++ 3dAFNItoNIFTI: AFNI version=AFNI_16.0.00 (Jan  1 2016) [64-bit]
Working on file: GLM_2_glts ...
Error: Output dset GLM_2_glts_at+tlrc exists
++ 3dAFNItoNIFTI: AFNI version=AFNI_16.0.00 (Jan  1 2016) [64-bit]
================Finished: sub04 !==============
======================sub05==========================
Error: Output dset Anatomical_reg_AlndExp_ns_at+tlrc exists
Error: Output dset Anatomical_reg_AlndExp_at+tlrc exists
++ 3dAFNItoNIFTI: AFNI version=AFNI_16.0.00 (Jan  1 2016) [64-bit]
++ 3dAFNItoNIFTI: AFNI version=AFNI_16.0.00 (Jan  1 2016) [64-bit]
Working on file: GLM_2 ...
Error: Output dset GLM_2_at+tlrc exists
++ 3dAFNItoNIFTI: AFNI version=AFNI_16.0.00 (Jan  1 2016) [64-bit]
Working on file: GLM_2_glts ...
Error: Output dset GLM_2_glts_at+tlrc exists
++ 3dAFNItoNIFTI: AFNI version=AFNI_16.0.00 (Jan  1 2016) [64-bit]
================Finished: sub05 !==============
======================sub06==========================
Error: Output dset Anatomical_reg_AlndExp_ns_at+tlrc exists
Error: Output dset Anatomical_reg_AlndExp_at+tlrc exists
++ 3dAFNItoNIFTI: AFNI version=AFNI_16.0.00 (Jan  1 2016) [64-bit]
++ 3dAFNItoNIFTI: AFNI version=AFNI_16.0.00 (Jan  1 2016) [64-bit]
Working on file: GLM_2 ...
Error: Output dset GLM_2_at+tlrc exists
++ 3dAFNItoNIFTI: AFNI version=AFNI_16.0.00 (Jan  1 2016) [64-bit]
Working on file: GLM_2_glts ...
Error: Output dset GLM_2_glts_at+tlrc exists
++ 3dAFNItoNIFTI: AFNI version=AFNI_16.0.00 (Jan  1 2016) [64-bit]
================Finished: sub06 !==============
======================sub07==========================
Error: Output dset Anatomical_reg_AlndExp_ns_at+tlrc exists
Error: Output dset Anatomical_reg_AlndExp_at+tlrc exists
++ 3dAFNItoNIFTI: AFNI version=AFNI_16.0.00 (Jan  1 2016) [64-bit]
++ 3dAFNItoNIFTI: AFNI version=AFNI_16.0.00 (Jan  1 2016) [64-bit]
Working on file: GLM_2 ...
Error: Output dset GLM_2_at+tlrc exists
++ 3dAFNItoNIFTI: AFNI version=AFNI_16.0.00 (Jan  1 2016) [64-bit]
Working on file: GLM_2_glts ...
Error: Output dset GLM_2_glts_at+tlrc exists
++ 3dAFNItoNIFTI: AFNI version=AFNI_16.0.00 (Jan  1 2016) [64-bit]
================Finished: sub07 !==============
======================sub08==========================
Error: Output dset Anatomical_reg_AlndExp_ns_at+tlrc exists
Error: Output dset Anatomical_reg_AlndExp_at+tlrc exists
++ 3dAFNItoNIFTI: AFNI version=AFNI_16.0.00 (Jan  1 2016) [64-bit]
++ 3dAFNItoNIFTI: AFNI version=AFNI_16.0.00 (Jan  1 2016) [64-bit]
Working on file: GLM_2 ...
Error: Output dset GLM_2_at+tlrc exists
++ 3dAFNItoNIFTI: AFNI version=AFNI_16.0.00 (Jan  1 2016) [64-bit]
Working on file: GLM_2_glts ...
Error: Output dset GLM_2_glts_at+tlrc exists
++ 3dAFNItoNIFTI: AFNI version=AFNI_16.0.00 (Jan  1 2016) [64-bit]
================Finished: sub08 !==============
======================sub09==========================
Error: Output dset Anatomical_reg_AlndExp_ns_at+tlrc exists
Error: Output dset Anatomical_reg_AlndExp_at+tlrc exists
++ 3dAFNItoNIFTI: AFNI version=AFNI_16.0.00 (Jan  1 2016) [64-bit]
++ 3dAFNItoNIFTI: AFNI version=AFNI_16.0.00 (Jan  1 2016) [64-bit]
Working on file: GLM_2 ...
Error: Output dset GLM_2_at+tlrc exists
++ 3dAFNItoNIFTI: AFNI version=AFNI_16.0.00 (Jan  1 2016) [64-bit]
Working on file: GLM_2_glts ...
Error: Output dset GLM_2_glts_at+tlrc exists
++ 3dAFNItoNIFTI: AFNI version=AFNI_16.0.00 (Jan  1 2016) [64-bit]
================Finished: sub09 !==============
======================sub10==========================
Error: Output dset Anatomical_reg_AlndExp_ns_at+tlrc exists
Error: Output dset Anatomical_reg_AlndExp_at+tlrc exists
++ 3dAFNItoNIFTI: AFNI version=AFNI_16.0.00 (Jan  1 2016) [64-bit]
++ 3dAFNItoNIFTI: AFNI version=AFNI_16.0.00 (Jan  1 2016) [64-bit]
Working on file: GLM_2 ...
Error: Output dset GLM_2_at+tlrc exists
++ 3dAFNItoNIFTI: AFNI version=AFNI_16.0.00 (Jan  1 2016) [64-bit]
Working on file: GLM_2_glts ...
Error: Output dset GLM_2_glts_at+tlrc exists
++ 3dAFNItoNIFTI: AFNI version=AFNI_16.0.00 (Jan  1 2016) [64-bit]
================Finished: sub10 !==============
======================sub11==========================
Error: Output dset Anatomical_reg_AlndExp_ns_at+tlrc exists
Error: Output dset Anatomical_reg_AlndExp_at+tlrc exists
++ 3dAFNItoNIFTI: AFNI version=AFNI_16.0.00 (Jan  1 2016) [64-bit]
++ 3dAFNItoNIFTI: AFNI version=AFNI_16.0.00 (Jan  1 2016) [64-bit]
Working on file: GLM_2 ...
Error: Output dset GLM_2_at+tlrc exists
++ 3dAFNItoNIFTI: AFNI version=AFNI_16.0.00 (Jan  1 2016) [64-bit]
Working on file: GLM_2_glts ...
Error: Output dset GLM_2_glts_at+tlrc exists
++ 3dAFNItoNIFTI: AFNI version=AFNI_16.0.00 (Jan  1 2016) [64-bit]
================Finished: sub11 !==============
======================sub12==========================
Error: Output dset Anatomical_reg_AlndExp_ns_at+tlrc exists
Error: Output dset Anatomical_reg_AlndExp_at+tlrc exists
++ 3dAFNItoNIFTI: AFNI version=AFNI_16.0.00 (Jan  1 2016) [64-bit]
++ 3dAFNItoNIFTI: AFNI version=AFNI_16.0.00 (Jan  1 2016) [64-bit]
Working on file: GLM_2 ...
Error: Output dset GLM_2_at+tlrc exists
++ 3dAFNItoNIFTI: AFNI version=AFNI_16.0.00 (Jan  1 2016) [64-bit]
Working on file: GLM_2_glts ...
Error: Output dset GLM_2_glts_at+tlrc exists
++ 3dAFNItoNIFTI: AFNI version=AFNI_16.0.00 (Jan  1 2016) [64-bit]
================Finished: sub12 !==============
======================sub13==========================
Error: Output dset Anatomical_reg_AlndExp_ns_at+tlrc exists
Error: Output dset Anatomical_reg_AlndExp_at+tlrc exists
++ 3dAFNItoNIFTI: AFNI version=AFNI_16.0.00 (Jan  1 2016) [64-bit]
++ 3dAFNItoNIFTI: AFNI version=AFNI_16.0.00 (Jan  1 2016) [64-bit]
Working on file: GLM_2 ...
Error: Output dset GLM_2_at+tlrc exists
++ 3dAFNItoNIFTI: AFNI version=AFNI_16.0.00 (Jan  1 2016) [64-bit]
Working on file: GLM_2_glts ...
Error: Output dset GLM_2_glts_at+tlrc exists
++ 3dAFNItoNIFTI: AFNI version=AFNI_16.0.00 (Jan  1 2016) [64-bit]
================Finished: sub13 !==============
======================sub14==========================
Error: Output dset Anatomical_reg_AlndExp_ns_at+tlrc exists
Error: Output dset Anatomical_reg_AlndExp_at+tlrc exists
++ 3dAFNItoNIFTI: AFNI version=AFNI_16.0.00 (Jan  1 2016) [64-bit]
++ 3dAFNItoNIFTI: AFNI version=AFNI_16.0.00 (Jan  1 2016) [64-bit]
Working on file: GLM_2 ...
Error: Output dset GLM_2_at+tlrc exists
++ 3dAFNItoNIFTI: AFNI version=AFNI_16.0.00 (Jan  1 2016) [64-bit]
Working on file: GLM_2_glts ...
Error: Output dset GLM_2_glts_at+tlrc exists
++ 3dAFNItoNIFTI: AFNI version=AFNI_16.0.00 (Jan  1 2016) [64-bit]
================Finished: sub14 !==============
======================sub15==========================
Error: Output dset Anatomical_reg_AlndExp_ns_at+tlrc exists
Error: Output dset Anatomical_reg_AlndExp_at+tlrc exists
++ 3dAFNItoNIFTI: AFNI version=AFNI_16.0.00 (Jan  1 2016) [64-bit]
++ 3dAFNItoNIFTI: AFNI version=AFNI_16.0.00 (Jan  1 2016) [64-bit]
Working on file: GLM_2 ...
Error: Output dset GLM_2_at+tlrc exists
++ 3dAFNItoNIFTI: AFNI version=AFNI_16.0.00 (Jan  1 2016) [64-bit]
Working on file: GLM_2_glts ...
Error: Output dset GLM_2_glts_at+tlrc exists
++ 3dAFNItoNIFTI: AFNI version=AFNI_16.0.00 (Jan  1 2016) [64-bit]
================Finished: sub15 !==============
======================sub16==========================
Error: Output dset Anatomical_reg_AlndExp_ns_at+tlrc exists
Error: Output dset Anatomical_reg_AlndExp_at+tlrc exists
++ 3dAFNItoNIFTI: AFNI version=AFNI_16.0.00 (Jan  1 2016) [64-bit]
++ 3dAFNItoNIFTI: AFNI version=AFNI_16.0.00 (Jan  1 2016) [64-bit]
Working on file: GLM_2 ...
Error: Output dset GLM_2_at+tlrc exists
++ 3dAFNItoNIFTI: AFNI version=AFNI_16.0.00 (Jan  1 2016) [64-bit]
Working on file: GLM_2_glts ...
Error: Output dset GLM_2_glts_at+tlrc exists
++ 3dAFNItoNIFTI: AFNI version=AFNI_16.0.00 (Jan  1 2016) [64-bit]
================Finished: sub16 !==============
======================sub17==========================
Error: Output dset Anatomical_reg_AlndExp_ns_at+tlrc exists
Error: Output dset Anatomical_reg_AlndExp_at+tlrc exists
++ 3dAFNItoNIFTI: AFNI version=AFNI_16.0.00 (Jan  1 2016) [64-bit]
++ 3dAFNItoNIFTI: AFNI version=AFNI_16.0.00 (Jan  1 2016) [64-bit]
Working on file: GLM_2 ...
Error: Output dset GLM_2_at+tlrc exists
++ 3dAFNItoNIFTI: AFNI version=AFNI_16.0.00 (Jan  1 2016) [64-bit]
Working on file: GLM_2_glts ...
Error: Output dset GLM_2_glts_at+tlrc exists
++ 3dAFNItoNIFTI: AFNI version=AFNI_16.0.00 (Jan  1 2016) [64-bit]
================Finished: sub17 !==============
======================sub18==========================
Error: Output dset Anatomical_reg_AlndExp_ns_at+tlrc exists
Error: Output dset Anatomical_reg_AlndExp_at+tlrc exists
++ 3dAFNItoNIFTI: AFNI version=AFNI_16.0.00 (Jan  1 2016) [64-bit]
++ 3dAFNItoNIFTI: AFNI version=AFNI_16.0.00 (Jan  1 2016) [64-bit]
Working on file: GLM_2 ...
Error: Output dset GLM_2_at+tlrc exists
++ 3dAFNItoNIFTI: AFNI version=AFNI_16.0.00 (Jan  1 2016) [64-bit]
Working on file: GLM_2_glts ...
Error: Output dset GLM_2_glts_at+tlrc exists
++ 3dAFNItoNIFTI: AFNI version=AFNI_16.0.00 (Jan  1 2016) [64-bit]
================Finished: sub18 !==============
======================sub19==========================
Error: Output dset Anatomical_reg_AlndExp_ns_at+tlrc exists
Error: Output dset Anatomical_reg_AlndExp_at+tlrc exists
++ 3dAFNItoNIFTI: AFNI version=AFNI_16.0.00 (Jan  1 2016) [64-bit]
++ 3dAFNItoNIFTI: AFNI version=AFNI_16.0.00 (Jan  1 2016) [64-bit]
Working on file: GLM_2 ...
Error: Output dset GLM_2_at+tlrc exists
++ 3dAFNItoNIFTI: AFNI version=AFNI_16.0.00 (Jan  1 2016) [64-bit]
Working on file: GLM_2_glts ...
Error: Output dset GLM_2_glts_at+tlrc exists
++ 3dAFNItoNIFTI: AFNI version=AFNI_16.0.00 (Jan  1 2016) [64-bit]
================Finished: sub19 !==============
======================sub20==========================
Error: Output dset Anatomical_reg_AlndExp_ns_at+tlrc exists
Error: Output dset Anatomical_reg_AlndExp_at+tlrc exists
++ 3dAFNItoNIFTI: AFNI version=AFNI_16.0.00 (Jan  1 2016) [64-bit]
++ 3dAFNItoNIFTI: AFNI version=AFNI_16.0.00 (Jan  1 2016) [64-bit]
Working on file: GLM_2 ...
Error: Output dset GLM_2_at+tlrc exists
++ 3dAFNItoNIFTI: AFNI version=AFNI_16.0.00 (Jan  1 2016) [64-bit]
Working on file: GLM_2_glts ...
Error: Output dset GLM_2_glts_at+tlrc exists
++ 3dAFNItoNIFTI: AFNI version=AFNI_16.0.00 (Jan  1 2016) [64-bit]
================Finished: sub20 !==============
======================sub21==========================
Error: Output dset Anatomical_reg_AlndExp_ns_at+tlrc exists
Error: Output dset Anatomical_reg_AlndExp_at+tlrc exists
++ 3dAFNItoNIFTI: AFNI version=AFNI_16.0.00 (Jan  1 2016) [64-bit]
++ 3dAFNItoNIFTI: AFNI version=AFNI_16.0.00 (Jan  1 2016) [64-bit]
Working on file: GLM_2 ...
Error: Output dset GLM_2_at+tlrc exists
++ 3dAFNItoNIFTI: AFNI version=AFNI_16.0.00 (Jan  1 2016) [64-bit]
Working on file: GLM_2_glts ...
Error: Output dset GLM_2_glts_at+tlrc exists
++ 3dAFNItoNIFTI: AFNI version=AFNI_16.0.00 (Jan  1 2016) [64-bit]
================Finished: sub21 !==============
======================sub22==========================
Error: Output dset Anatomical_reg_AlndExp_ns_at+tlrc exists
Error: Output dset Anatomical_reg_AlndExp_at+tlrc exists
++ 3dAFNItoNIFTI: AFNI version=AFNI_16.0.00 (Jan  1 2016) [64-bit]
++ 3dAFNItoNIFTI: AFNI version=AFNI_16.0.00 (Jan  1 2016) [64-bit]
Working on file: GLM_2 ...
Error: Output dset GLM_2_at+tlrc exists
++ 3dAFNItoNIFTI: AFNI version=AFNI_16.0.00 (Jan  1 2016) [64-bit]
Working on file: GLM_2_glts ...
Error: Output dset GLM_2_glts_at+tlrc exists
++ 3dAFNItoNIFTI: AFNI version=AFNI_16.0.00 (Jan  1 2016) [64-bit]
================Finished: sub22 !==============
======================sub23==========================
Error: Output dset Anatomical_reg_AlndExp_ns_at+tlrc exists
Error: Output dset Anatomical_reg_AlndExp_at+tlrc exists
++ 3dAFNItoNIFTI: AFNI version=AFNI_16.0.00 (Jan  1 2016) [64-bit]
++ 3dAFNItoNIFTI: AFNI version=AFNI_16.0.00 (Jan  1 2016) [64-bit]
Working on file: GLM_2 ...
Error: Output dset GLM_2_at+tlrc exists
++ 3dAFNItoNIFTI: AFNI version=AFNI_16.0.00 (Jan  1 2016) [64-bit]
Working on file: GLM_2_glts ...
Error: Output dset GLM_2_glts_at+tlrc exists
++ 3dAFNItoNIFTI: AFNI version=AFNI_16.0.00 (Jan  1 2016) [64-bit]
================Finished: sub23 !==============
======================sub24==========================
Error: Output dset Anatomical_reg_AlndExp_ns_at+tlrc exists
Error: Output dset Anatomical_reg_AlndExp_at+tlrc exists
++ 3dAFNItoNIFTI: AFNI version=AFNI_16.0.00 (Jan  1 2016) [64-bit]
++ 3dAFNItoNIFTI: AFNI version=AFNI_16.0.00 (Jan  1 2016) [64-bit]
Working on file: GLM_2 ...
Error: Output dset GLM_2_at+tlrc exists
++ 3dAFNItoNIFTI: AFNI version=AFNI_16.0.00 (Jan  1 2016) [64-bit]
Working on file: GLM_2_glts ...
Error: Output dset GLM_2_glts_at+tlrc exists
++ 3dAFNItoNIFTI: AFNI version=AFNI_16.0.00 (Jan  1 2016) [64-bit]
================Finished: sub24 !==============
======================sub25==========================
Error: Output dset Anatomical_reg_AlndExp_ns_at+tlrc exists
Error: Output dset Anatomical_reg_AlndExp_at+tlrc exists
++ 3dAFNItoNIFTI: AFNI version=AFNI_16.0.00 (Jan  1 2016) [64-bit]
++ 3dAFNItoNIFTI: AFNI version=AFNI_16.0.00 (Jan  1 2016) [64-bit]
Working on file: GLM_2 ...
Error: Output dset GLM_2_at+tlrc exists
++ 3dAFNItoNIFTI: AFNI version=AFNI_16.0.00 (Jan  1 2016) [64-bit]
Working on file: GLM_2_glts ...
Error: Output dset GLM_2_glts_at+tlrc exists
++ 3dAFNItoNIFTI: AFNI version=AFNI_16.0.00 (Jan  1 2016) [64-bit]
================Finished: sub25 !==============
======================sub26==========================
Error: Output dset Anatomical_reg_AlndExp_ns_at+tlrc exists
Error: Output dset Anatomical_reg_AlndExp_at+tlrc exists
++ 3dAFNItoNIFTI: AFNI version=AFNI_16.0.00 (Jan  1 2016) [64-bit]
++ 3dAFNItoNIFTI: AFNI version=AFNI_16.0.00 (Jan  1 2016) [64-bit]
Working on file: GLM_2 ...
Error: Output dset GLM_2_at+tlrc exists
++ 3dAFNItoNIFTI: AFNI version=AFNI_16.0.00 (Jan  1 2016) [64-bit]
Working on file: GLM_2_glts ...
Error: Output dset GLM_2_glts_at+tlrc exists
++ 3dAFNItoNIFTI: AFNI version=AFNI_16.0.00 (Jan  1 2016) [64-bit]
================Finished: sub26 !==============
======================sub27==========================
Error: Output dset Anatomical_reg_AlndExp_ns_at+tlrc exists
Error: Output dset Anatomical_reg_AlndExp_at+tlrc exists
++ 3dAFNItoNIFTI: AFNI version=AFNI_16.0.00 (Jan  1 2016) [64-bit]
++ 3dAFNItoNIFTI: AFNI version=AFNI_16.0.00 (Jan  1 2016) [64-bit]
Working on file: GLM_2 ...
Error: Output dset GLM_2_at+tlrc exists
++ 3dAFNItoNIFTI: AFNI version=AFNI_16.0.00 (Jan  1 2016) [64-bit]
Working on file: GLM_2_glts ...
Error: Output dset GLM_2_glts_at+tlrc exists
++ 3dAFNItoNIFTI: AFNI version=AFNI_16.0.00 (Jan  1 2016) [64-bit]
================Finished: sub27 !==============
======================sub28==========================
Error: Output dset Anatomical_reg_AlndExp_ns_at+tlrc exists
Error: Output dset Anatomical_reg_AlndExp_at+tlrc exists
++ 3dAFNItoNIFTI: AFNI version=AFNI_16.0.00 (Jan  1 2016) [64-bit]
++ 3dAFNItoNIFTI: AFNI version=AFNI_16.0.00 (Jan  1 2016) [64-bit]
Working on file: GLM_2 ...
Error: Output dset GLM_2_at+tlrc exists
++ 3dAFNItoNIFTI: AFNI version=AFNI_16.0.00 (Jan  1 2016) [64-bit]
Working on file: GLM_2_glts ...
Error: Output dset GLM_2_glts_at+tlrc exists
++ 3dAFNItoNIFTI: AFNI version=AFNI_16.0.00 (Jan  1 2016) [64-bit]
================Finished: sub28 !==============
======================sub29==========================
Error: Output dset Anatomical_reg_AlndExp_ns_at+tlrc exists
Error: Output dset Anatomical_reg_AlndExp_at+tlrc exists
++ 3dAFNItoNIFTI: AFNI version=AFNI_16.0.00 (Jan  1 2016) [64-bit]
++ 3dAFNItoNIFTI: AFNI version=AFNI_16.0.00 (Jan  1 2016) [64-bit]
Working on file: GLM_2 ...
Error: Output dset GLM_2_at+tlrc exists
++ 3dAFNItoNIFTI: AFNI version=AFNI_16.0.00 (Jan  1 2016) [64-bit]
Working on file: GLM_2_glts ...
Error: Output dset GLM_2_glts_at+tlrc exists
++ 3dAFNItoNIFTI: AFNI version=AFNI_16.0.00 (Jan  1 2016) [64-bit]
================Finished: sub29 !==============
======================sub30==========================
Error: Output dset Anatomical_reg_AlndExp_ns_at+tlrc exists
Error: Output dset Anatomical_reg_AlndExp_at+tlrc exists
++ 3dAFNItoNIFTI: AFNI version=AFNI_16.0.00 (Jan  1 2016) [64-bit]
++ 3dAFNItoNIFTI: AFNI version=AFNI_16.0.00 (Jan  1 2016) [64-bit]
Working on file: GLM_2 ...
rm: No match.
Error: Anatomical dset GLM_2+orig not found.
++ 3dAFNItoNIFTI: AFNI version=AFNI_16.0.00 (Jan  1 2016) [64-bit]
** FATAL ERROR: Can't open dataset 'GLM_2_at+tlrc.'
** Program compile date = Jan  1 2016
rm: cannot remove ‘GLM_2_at+tlrc.BRIK’: No such file or directory
rm: cannot remove ‘GLM_2_at+tlrc.HEAD’: No such file or directory
Working on file: GLM_2_glts ...
rm: No match.
Error: Anatomical dset GLM_2_glts+orig not found.
++ 3dAFNItoNIFTI: AFNI version=AFNI_16.0.00 (Jan  1 2016) [64-bit]
** FATAL ERROR: Can't open dataset 'GLM_2_glts_at+tlrc.'
** Program compile date = Jan  1 2016
rm: cannot remove ‘GLM_2_glts_at+tlrc.BRIK’: No such file or directory
rm: cannot remove ‘GLM_2_glts_at+tlrc.HEAD’: No such file or directory
================Finished: sub30 !==============
======================sub31==========================
Error: Output dset Anatomical_reg_AlndExp_ns_at+tlrc exists
Error: Output dset Anatomical_reg_AlndExp_at+tlrc exists
++ 3dAFNItoNIFTI: AFNI version=AFNI_16.0.00 (Jan  1 2016) [64-bit]
++ 3dAFNItoNIFTI: AFNI version=AFNI_16.0.00 (Jan  1 2016) [64-bit]
Working on file: GLM_2 ...
Error: Output dset GLM_2_at+tlrc exists
++ 3dAFNItoNIFTI: AFNI version=AFNI_16.0.00 (Jan  1 2016) [64-bit]
Working on file: GLM_2_glts ...
Error: Output dset GLM_2_glts_at+tlrc exists
++ 3dAFNItoNIFTI: AFNI version=AFNI_16.0.00 (Jan  1 2016) [64-bit]
================Finished: sub31 !==============
======================sub32==========================
Error: Output dset Anatomical_reg_AlndExp_ns_at+tlrc exists
Error: Output dset Anatomical_reg_AlndExp_at+tlrc exists
++ 3dAFNItoNIFTI: AFNI version=AFNI_16.0.00 (Jan  1 2016) [64-bit]
++ 3dAFNItoNIFTI: AFNI version=AFNI_16.0.00 (Jan  1 2016) [64-bit]
Working on file: GLM_2 ...
Error: Output dset GLM_2_at+tlrc exists
++ 3dAFNItoNIFTI: AFNI version=AFNI_16.0.00 (Jan  1 2016) [64-bit]
Working on file: GLM_2_glts ...
Error: Output dset GLM_2_glts_at+tlrc exists
++ 3dAFNItoNIFTI: AFNI version=AFNI_16.0.00 (Jan  1 2016) [64-bit]
================Finished: sub32 !==============
======================sub33==========================
Error: Output dset Anatomical_reg_AlndExp_ns_at+tlrc exists
Error: Output dset Anatomical_reg_AlndExp_at+tlrc exists
++ 3dAFNItoNIFTI: AFNI version=AFNI_16.0.00 (Jan  1 2016) [64-bit]
++ 3dAFNItoNIFTI: AFNI version=AFNI_16.0.00 (Jan  1 2016) [64-bit]
Working on file: GLM_2 ...
Error: Output dset GLM_2_at+tlrc exists
++ 3dAFNItoNIFTI: AFNI version=AFNI_16.0.00 (Jan  1 2016) [64-bit]
Working on file: GLM_2_glts ...
Error: Output dset GLM_2_glts_at+tlrc exists
++ 3dAFNItoNIFTI: AFNI version=AFNI_16.0.00 (Jan  1 2016) [64-bit]
================Finished: sub33 !==============
================Finished: all ==============
