==================================================================
======================= GLM: sub02=================================
==================================================================
mask_normalized_detrend_despike_reg_run01+orig mask_normalized_detrend_despike_reg_run02+orig mask_normalized_detrend_despike_reg_run03+orig mask_normalized_detrend_despike_reg_run04+orig mask_normalized_detrend_despike_reg_run05+orig
------------------------------------------------------------
GLT matrix from 'SYM: +CS':
   0   0   0   0   0   0   0   0   0   0   0   0   0   0   0   0   0   0   0   0   1   0   0   0   0   0   0   0   0 
 
------------------------------------------------------------
GLT matrix from 'SYM: +US':
   0   0   0   0   0   0   0   0   0   0   0   0   0   0   0   0   0   0   0   0   0   1   0   0   0   0   0   0   0 
 
------------------------------------------------------------
GLT matrix from 'SYM: +SW':
   0   0   0   0   0   0   0   0   0   0   0   0   0   0   0   0   0   0   0   0   0   0   1   0   0   0   0   0   0 
 
##################################
=========Finished: sub02 ==========
##################################
==================================================================
======================= GLM: sub03=================================
==================================================================
mask_normalized_detrend_despike_reg_run01+orig mask_normalized_detrend_despike_reg_run02+orig mask_normalized_detrend_despike_reg_run03+orig mask_normalized_detrend_despike_reg_run04+orig mask_normalized_detrend_despike_reg_run05+orig
------------------------------------------------------------
GLT matrix from 'SYM: +CS':
   0   0   0   0   0   0   0   0   0   0   0   0   0   0   0   0   0   0   0   0   1   0   0   0   0   0   0   0   0 
 
------------------------------------------------------------
GLT matrix from 'SYM: +US':
   0   0   0   0   0   0   0   0   0   0   0   0   0   0   0   0   0   0   0   0   0   1   0   0   0   0   0   0   0 
 
------------------------------------------------------------
GLT matrix from 'SYM: +SW':
   0   0   0   0   0   0   0   0   0   0   0   0   0   0   0   0   0   0   0   0   0   0   1   0   0   0   0   0   0 
 
##################################
=========Finished: sub03 ==========
##################################
==================================================================
======================= GLM: sub04=================================
==================================================================
mask_normalized_detrend_despike_reg_run01+orig mask_normalized_detrend_despike_reg_run02+orig mask_normalized_detrend_despike_reg_run03+orig mask_normalized_detrend_despike_reg_run04+orig mask_normalized_detrend_despike_reg_run05+orig
------------------------------------------------------------
GLT matrix from 'SYM: +CS':
   0   0   0   0   0   0   0   0   0   0   0   0   0   0   0   0   0   0   0   0   1   0   0   0   0   0   0   0   0 
 
------------------------------------------------------------
GLT matrix from 'SYM: +US':
   0   0   0   0   0   0   0   0   0   0   0   0   0   0   0   0   0   0   0   0   0   1   0   0   0   0   0   0   0 
 
------------------------------------------------------------
GLT matrix from 'SYM: +SW':
   0   0   0   0   0   0   0   0   0   0   0   0   0   0   0   0   0   0   0   0   0   0   1   0   0   0   0   0   0 
 
##################################
=========Finished: sub04 ==========
##################################
==================================================================
======================= GLM: sub05=================================
==================================================================
mask_normalized_detrend_despike_reg_run01+orig mask_normalized_detrend_despike_reg_run02+orig mask_normalized_detrend_despike_reg_run03+orig mask_normalized_detrend_despike_reg_run04+orig mask_normalized_detrend_despike_reg_run05+orig
------------------------------------------------------------
GLT matrix from 'SYM: +CS':
   0   0   0   0   0   0   0   0   0   0   0   0   0   0   0   0   0   0   0   0   1   0   0   0   0   0   0   0   0 
 
------------------------------------------------------------
GLT matrix from 'SYM: +US':
   0   0   0   0   0   0   0   0   0   0   0   0   0   0   0   0   0   0   0   0   0   1   0   0   0   0   0   0   0 
 
------------------------------------------------------------
GLT matrix from 'SYM: +SW':
   0   0   0   0   0   0   0   0   0   0   0   0   0   0   0   0   0   0   0   0   0   0   1   0   0   0   0   0   0 
 
##################################
=========Finished: sub05 ==========
##################################
==================================================================
======================= GLM: sub06=================================
==================================================================
mask_normalized_detrend_despike_reg_run01+orig mask_normalized_detrend_despike_reg_run02+orig mask_normalized_detrend_despike_reg_run03+orig mask_normalized_detrend_despike_reg_run04+orig mask_normalized_detrend_despike_reg_run05+orig
------------------------------------------------------------
GLT matrix from 'SYM: +CS':
   0   0   0   0   0   0   0   0   0   0   0   0   0   0   0   0   0   0   0   0   1   0   0   0   0   0   0   0   0 
 
------------------------------------------------------------
GLT matrix from 'SYM: +US':
   0   0   0   0   0   0   0   0   0   0   0   0   0   0   0   0   0   0   0   0   0   1   0   0   0   0   0   0   0 
 
------------------------------------------------------------
GLT matrix from 'SYM: +SW':
   0   0   0   0   0   0   0   0   0   0   0   0   0   0   0   0   0   0   0   0   0   0   1   0   0   0   0   0   0 
 
##################################
=========Finished: sub06 ==========
##################################
==================================================================
======================= GLM: sub07=================================
==================================================================
mask_normalized_detrend_despike_reg_run01+orig mask_normalized_detrend_despike_reg_run02+orig mask_normalized_detrend_despike_reg_run03+orig mask_normalized_detrend_despike_reg_run04+orig mask_normalized_detrend_despike_reg_run05+orig
------------------------------------------------------------
GLT matrix from 'SYM: +CS':
   0   0   0   0   0   0   0   0   0   0   0   0   0   0   0   0   0   0   0   0   1   0   0   0   0   0   0   0   0 
 
------------------------------------------------------------
GLT matrix from 'SYM: +US':
   0   0   0   0   0   0   0   0   0   0   0   0   0   0   0   0   0   0   0   0   0   1   0   0   0   0   0   0   0 
 
------------------------------------------------------------
GLT matrix from 'SYM: +SW':
   0   0   0   0   0   0   0   0   0   0   0   0   0   0   0   0   0   0   0   0   0   0   1   0   0   0   0   0   0 
 
##################################
=========Finished: sub07 ==========
##################################
==================================================================
======================= GLM: sub08=================================
==================================================================
mask_normalized_detrend_despike_reg_run01+orig mask_normalized_detrend_despike_reg_run02+orig mask_normalized_detrend_despike_reg_run03+orig mask_normalized_detrend_despike_reg_run04+orig mask_normalized_detrend_despike_reg_run05+orig
------------------------------------------------------------
GLT matrix from 'SYM: +CS':
   0   0   0   0   0   0   0   0   0   0   0   0   0   0   0   0   0   0   0   0   1   0   0   0   0   0   0   0   0 
 
------------------------------------------------------------
GLT matrix from 'SYM: +US':
   0   0   0   0   0   0   0   0   0   0   0   0   0   0   0   0   0   0   0   0   0   1   0   0   0   0   0   0   0 
 
------------------------------------------------------------
GLT matrix from 'SYM: +SW':
   0   0   0   0   0   0   0   0   0   0   0   0   0   0   0   0   0   0   0   0   0   0   1   0   0   0   0   0   0 
 
##################################
=========Finished: sub08 ==========
##################################
==================================================================
======================= GLM: sub09=================================
==================================================================
mask_normalized_detrend_despike_reg_run01+orig mask_normalized_detrend_despike_reg_run02+orig mask_normalized_detrend_despike_reg_run03+orig mask_normalized_detrend_despike_reg_run04+orig mask_normalized_detrend_despike_reg_run05+orig
------------------------------------------------------------
GLT matrix from 'SYM: +CS':
   0   0   0   0   0   0   0   0   0   0   0   0   0   0   0   0   0   0   0   0   1   0   0   0   0   0   0   0   0 
 
------------------------------------------------------------
GLT matrix from 'SYM: +US':
   0   0   0   0   0   0   0   0   0   0   0   0   0   0   0   0   0   0   0   0   0   1   0   0   0   0   0   0   0 
 
------------------------------------------------------------
GLT matrix from 'SYM: +SW':
   0   0   0   0   0   0   0   0   0   0   0   0   0   0   0   0   0   0   0   0   0   0   1   0   0   0   0   0   0 
 
##################################
=========Finished: sub09 ==========
##################################
==================================================================
======================= GLM: sub10=================================
==================================================================
mask_normalized_detrend_despike_reg_run01+orig mask_normalized_detrend_despike_reg_run02+orig mask_normalized_detrend_despike_reg_run03+orig mask_normalized_detrend_despike_reg_run04+orig mask_normalized_detrend_despike_reg_run05+orig
------------------------------------------------------------
GLT matrix from 'SYM: +CS':
   0   0   0   0   0   0   0   0   0   0   0   0   0   0   0   0   0   0   0   0   1   0   0   0   0   0   0   0   0 
 
------------------------------------------------------------
GLT matrix from 'SYM: +US':
   0   0   0   0   0   0   0   0   0   0   0   0   0   0   0   0   0   0   0   0   0   1   0   0   0   0   0   0   0 
 
------------------------------------------------------------
GLT matrix from 'SYM: +SW':
   0   0   0   0   0   0   0   0   0   0   0   0   0   0   0   0   0   0   0   0   0   0   1   0   0   0   0   0   0 
 
##################################
=========Finished: sub10 ==========
##################################
==================================================================
======================= GLM: sub11=================================
==================================================================
mask_normalized_detrend_despike_reg_run01+orig mask_normalized_detrend_despike_reg_run02+orig mask_normalized_detrend_despike_reg_run03+orig mask_normalized_detrend_despike_reg_run04+orig mask_normalized_detrend_despike_reg_run05+orig
------------------------------------------------------------
GLT matrix from 'SYM: +CS':
   0   0   0   0   0   0   0   0   0   0   0   0   0   0   0   0   0   0   0   0   1   0   0   0   0   0   0   0   0 
 
------------------------------------------------------------
GLT matrix from 'SYM: +US':
   0   0   0   0   0   0   0   0   0   0   0   0   0   0   0   0   0   0   0   0   0   1   0   0   0   0   0   0   0 
 
------------------------------------------------------------
GLT matrix from 'SYM: +SW':
   0   0   0   0   0   0   0   0   0   0   0   0   0   0   0   0   0   0   0   0   0   0   1   0   0   0   0   0   0 
 
##################################
=========Finished: sub11 ==========
##################################
==================================================================
======================= GLM: sub12=================================
==================================================================
mask_normalized_detrend_despike_reg_run01+orig mask_normalized_detrend_despike_reg_run02+orig mask_normalized_detrend_despike_reg_run03+orig mask_normalized_detrend_despike_reg_run04+orig mask_normalized_detrend_despike_reg_run05+orig
------------------------------------------------------------
GLT matrix from 'SYM: +CS':
   0   0   0   0   0   0   0   0   0   0   0   0   0   0   0   0   0   0   0   0   1   0   0   0   0   0   0   0   0 
 
------------------------------------------------------------
GLT matrix from 'SYM: +US':
   0   0   0   0   0   0   0   0   0   0   0   0   0   0   0   0   0   0   0   0   0   1   0   0   0   0   0   0   0 
 
------------------------------------------------------------
GLT matrix from 'SYM: +SW':
   0   0   0   0   0   0   0   0   0   0   0   0   0   0   0   0   0   0   0   0   0   0   1   0   0   0   0   0   0 
 
##################################
=========Finished: sub12 ==========
##################################
==================================================================
======================= GLM: sub13=================================
==================================================================
mask_normalized_detrend_despike_reg_run01+orig mask_normalized_detrend_despike_reg_run02+orig mask_normalized_detrend_despike_reg_run03+orig mask_normalized_detrend_despike_reg_run04+orig mask_normalized_detrend_despike_reg_run05+orig
------------------------------------------------------------
GLT matrix from 'SYM: +CS':
   0   0   0   0   0   0   0   0   0   0   0   0   0   0   0   0   0   0   0   0   1   0   0   0   0   0   0   0   0 
 
------------------------------------------------------------
GLT matrix from 'SYM: +US':
   0   0   0   0   0   0   0   0   0   0   0   0   0   0   0   0   0   0   0   0   0   1   0   0   0   0   0   0   0 
 
------------------------------------------------------------
GLT matrix from 'SYM: +SW':
   0   0   0   0   0   0   0   0   0   0   0   0   0   0   0   0   0   0   0   0   0   0   1   0   0   0   0   0   0 
 
##################################
=========Finished: sub13 ==========
##################################
==================================================================
======================= GLM: sub14=================================
==================================================================
mask_normalized_detrend_despike_reg_run01+orig mask_normalized_detrend_despike_reg_run02+orig mask_normalized_detrend_despike_reg_run03+orig mask_normalized_detrend_despike_reg_run04+orig mask_normalized_detrend_despike_reg_run05+orig
------------------------------------------------------------
GLT matrix from 'SYM: +CS':
   0   0   0   0   0   0   0   0   0   0   0   0   0   0   0   0   0   0   0   0   1   0   0   0   0   0   0   0   0 
 
------------------------------------------------------------
GLT matrix from 'SYM: +US':
   0   0   0   0   0   0   0   0   0   0   0   0   0   0   0   0   0   0   0   0   0   1   0   0   0   0   0   0   0 
 
------------------------------------------------------------
GLT matrix from 'SYM: +SW':
   0   0   0   0   0   0   0   0   0   0   0   0   0   0   0   0   0   0   0   0   0   0   1   0   0   0   0   0   0 
 
##################################
=========Finished: sub14 ==========
##################################
==================================================================
======================= GLM: sub15=================================
==================================================================
mask_normalized_detrend_despike_reg_run01+orig mask_normalized_detrend_despike_reg_run02+orig mask_normalized_detrend_despike_reg_run03+orig mask_normalized_detrend_despike_reg_run04+orig mask_normalized_detrend_despike_reg_run05+orig
------------------------------------------------------------
GLT matrix from 'SYM: +CS':
   0   0   0   0   0   0   0   0   0   0   0   0   0   0   0   0   0   0   0   0   1   0   0   0   0   0   0   0   0 
 
------------------------------------------------------------
GLT matrix from 'SYM: +US':
   0   0   0   0   0   0   0   0   0   0   0   0   0   0   0   0   0   0   0   0   0   1   0   0   0   0   0   0   0 
 
------------------------------------------------------------
GLT matrix from 'SYM: +SW':
   0   0   0   0   0   0   0   0   0   0   0   0   0   0   0   0   0   0   0   0   0   0   1   0   0   0   0   0   0 
 
##################################
=========Finished: sub15 ==========
##################################
==================================================================
======================= GLM: sub16=================================
==================================================================
mask_normalized_detrend_despike_reg_run01+orig mask_normalized_detrend_despike_reg_run02+orig mask_normalized_detrend_despike_reg_run03+orig mask_normalized_detrend_despike_reg_run04+orig mask_normalized_detrend_despike_reg_run05+orig
------------------------------------------------------------
GLT matrix from 'SYM: +CS':
   0   0   0   0   0   0   0   0   0   0   0   0   0   0   0   0   0   0   0   0   1   0   0   0   0   0   0   0   0 
 
------------------------------------------------------------
GLT matrix from 'SYM: +US':
   0   0   0   0   0   0   0   0   0   0   0   0   0   0   0   0   0   0   0   0   0   1   0   0   0   0   0   0   0 
 
------------------------------------------------------------
GLT matrix from 'SYM: +SW':
   0   0   0   0   0   0   0   0   0   0   0   0   0   0   0   0   0   0   0   0   0   0   1   0   0   0   0   0   0 
 
##################################
=========Finished: sub16 ==========
##################################
==================================================================
======================= GLM: sub17=================================
==================================================================
mask_normalized_detrend_despike_reg_run01+orig mask_normalized_detrend_despike_reg_run02+orig mask_normalized_detrend_despike_reg_run03+orig mask_normalized_detrend_despike_reg_run04+orig mask_normalized_detrend_despike_reg_run05+orig
------------------------------------------------------------
GLT matrix from 'SYM: +CS':
   0   0   0   0   0   0   0   0   0   0   0   0   0   0   0   0   0   0   0   0   1   0   0   0   0   0   0   0   0 
 
------------------------------------------------------------
GLT matrix from 'SYM: +US':
   0   0   0   0   0   0   0   0   0   0   0   0   0   0   0   0   0   0   0   0   0   1   0   0   0   0   0   0   0 
 
------------------------------------------------------------
GLT matrix from 'SYM: +SW':
   0   0   0   0   0   0   0   0   0   0   0   0   0   0   0   0   0   0   0   0   0   0   1   0   0   0   0   0   0 
 
##################################
=========Finished: sub17 ==========
##################################
==================================================================
======================= GLM: sub18=================================
==================================================================
mask_normalized_detrend_despike_reg_run01+orig mask_normalized_detrend_despike_reg_run02+orig mask_normalized_detrend_despike_reg_run03+orig mask_normalized_detrend_despike_reg_run04+orig mask_normalized_detrend_despike_reg_run05+orig
------------------------------------------------------------
GLT matrix from 'SYM: +CS':
   0   0   0   0   0   0   0   0   0   0   0   0   0   0   0   0   0   0   0   0   1   0   0   0   0   0   0   0   0 
 
------------------------------------------------------------
GLT matrix from 'SYM: +US':
   0   0   0   0   0   0   0   0   0   0   0   0   0   0   0   0   0   0   0   0   0   1   0   0   0   0   0   0   0 
 
------------------------------------------------------------
GLT matrix from 'SYM: +SW':
   0   0   0   0   0   0   0   0   0   0   0   0   0   0   0   0   0   0   0   0   0   0   1   0   0   0   0   0   0 
 
##################################
=========Finished: sub18 ==========
##################################
==================================================================
======================= GLM: sub19=================================
==================================================================
mask_normalized_detrend_despike_reg_run01+orig mask_normalized_detrend_despike_reg_run02+orig mask_normalized_detrend_despike_reg_run03+orig mask_normalized_detrend_despike_reg_run04+orig mask_normalized_detrend_despike_reg_run05+orig
------------------------------------------------------------
GLT matrix from 'SYM: +CS':
   0   0   0   0   0   0   0   0   0   0   0   0   0   0   0   0   0   0   0   0   1   0   0   0   0   0   0   0   0 
 
------------------------------------------------------------
GLT matrix from 'SYM: +US':
   0   0   0   0   0   0   0   0   0   0   0   0   0   0   0   0   0   0   0   0   0   1   0   0   0   0   0   0   0 
 
------------------------------------------------------------
GLT matrix from 'SYM: +SW':
   0   0   0   0   0   0   0   0   0   0   0   0   0   0   0   0   0   0   0   0   0   0   1   0   0   0   0   0   0 
 
##################################
=========Finished: sub19 ==========
##################################
==================================================================
======================= GLM: sub20=================================
==================================================================
mask_normalized_detrend_despike_reg_run01+orig mask_normalized_detrend_despike_reg_run02+orig mask_normalized_detrend_despike_reg_run03+orig mask_normalized_detrend_despike_reg_run04+orig mask_normalized_detrend_despike_reg_run05+orig
------------------------------------------------------------
GLT matrix from 'SYM: +CS':
   0   0   0   0   0   0   0   0   0   0   0   0   0   0   0   0   0   0   0   0   1   0   0   0   0   0   0   0   0 
 
------------------------------------------------------------
GLT matrix from 'SYM: +US':
   0   0   0   0   0   0   0   0   0   0   0   0   0   0   0   0   0   0   0   0   0   1   0   0   0   0   0   0   0 
 
------------------------------------------------------------
GLT matrix from 'SYM: +SW':
   0   0   0   0   0   0   0   0   0   0   0   0   0   0   0   0   0   0   0   0   0   0   1   0   0   0   0   0   0 
 
##################################
=========Finished: sub20 ==========
##################################
==================================================================
======================= GLM: sub21=================================
==================================================================
mask_normalized_detrend_despike_reg_run01+orig mask_normalized_detrend_despike_reg_run02+orig mask_normalized_detrend_despike_reg_run03+orig mask_normalized_detrend_despike_reg_run04+orig mask_normalized_detrend_despike_reg_run05+orig
------------------------------------------------------------
GLT matrix from 'SYM: +CS':
   0   0   0   0   0   0   0   0   0   0   0   0   0   0   0   0   0   0   0   0   1   0   0   0   0   0   0   0   0 
 
------------------------------------------------------------
GLT matrix from 'SYM: +US':
   0   0   0   0   0   0   0   0   0   0   0   0   0   0   0   0   0   0   0   0   0   1   0   0   0   0   0   0   0 
 
------------------------------------------------------------
GLT matrix from 'SYM: +SW':
   0   0   0   0   0   0   0   0   0   0   0   0   0   0   0   0   0   0   0   0   0   0   1   0   0   0   0   0   0 
 
##################################
=========Finished: sub21 ==========
##################################
==================================================================
======================= GLM: sub22=================================
==================================================================
mask_normalized_detrend_despike_reg_run01+orig mask_normalized_detrend_despike_reg_run02+orig mask_normalized_detrend_despike_reg_run03+orig mask_normalized_detrend_despike_reg_run04+orig mask_normalized_detrend_despike_reg_run05+orig
------------------------------------------------------------
GLT matrix from 'SYM: +CS':
   0   0   0   0   0   0   0   0   0   0   0   0   0   0   0   0   0   0   0   0   1   0   0   0   0   0   0   0   0 
 
------------------------------------------------------------
GLT matrix from 'SYM: +US':
   0   0   0   0   0   0   0   0   0   0   0   0   0   0   0   0   0   0   0   0   0   1   0   0   0   0   0   0   0 
 
------------------------------------------------------------
GLT matrix from 'SYM: +SW':
   0   0   0   0   0   0   0   0   0   0   0   0   0   0   0   0   0   0   0   0   0   0   1   0   0   0   0   0   0 
 
##################################
=========Finished: sub22 ==========
##################################
==================================================================
======================= GLM: sub23=================================
==================================================================
mask_normalized_detrend_despike_reg_run01+orig mask_normalized_detrend_despike_reg_run02+orig mask_normalized_detrend_despike_reg_run03+orig mask_normalized_detrend_despike_reg_run04+orig mask_normalized_detrend_despike_reg_run05+orig
------------------------------------------------------------
GLT matrix from 'SYM: +CS':
   0   0   0   0   0   0   0   0   0   0   0   0   0   0   0   0   0   0   0   0   1   0   0   0   0   0   0   0   0 
 
------------------------------------------------------------
GLT matrix from 'SYM: +US':
   0   0   0   0   0   0   0   0   0   0   0   0   0   0   0   0   0   0   0   0   0   1   0   0   0   0   0   0   0 
 
------------------------------------------------------------
GLT matrix from 'SYM: +SW':
   0   0   0   0   0   0   0   0   0   0   0   0   0   0   0   0   0   0   0   0   0   0   1   0   0   0   0   0   0 
 
##################################
=========Finished: sub23 ==========
##################################
==================================================================
======================= GLM: sub24=================================
==================================================================
mask_normalized_detrend_despike_reg_run01+orig mask_normalized_detrend_despike_reg_run02+orig mask_normalized_detrend_despike_reg_run03+orig mask_normalized_detrend_despike_reg_run04+orig mask_normalized_detrend_despike_reg_run05+orig
------------------------------------------------------------
GLT matrix from 'SYM: +CS':
   0   0   0   0   0   0   0   0   0   0   0   0   0   0   0   0   0   0   0   0   1   0   0   0   0   0   0   0   0 
 
------------------------------------------------------------
GLT matrix from 'SYM: +US':
   0   0   0   0   0   0   0   0   0   0   0   0   0   0   0   0   0   0   0   0   0   1   0   0   0   0   0   0   0 
 
------------------------------------------------------------
GLT matrix from 'SYM: +SW':
   0   0   0   0   0   0   0   0   0   0   0   0   0   0   0   0   0   0   0   0   0   0   1   0   0   0   0   0   0 
 
##################################
=========Finished: sub24 ==========
##################################
==================================================================
======================= GLM: sub25=================================
==================================================================
mask_normalized_detrend_despike_reg_run01+orig mask_normalized_detrend_despike_reg_run02+orig mask_normalized_detrend_despike_reg_run03+orig mask_normalized_detrend_despike_reg_run04+orig mask_normalized_detrend_despike_reg_run05+orig
------------------------------------------------------------
GLT matrix from 'SYM: +CS':
   0   0   0   0   0   0   0   0   0   0   0   0   0   0   0   0   0   0   0   0   1   0   0   0   0   0   0   0   0 
 
------------------------------------------------------------
GLT matrix from 'SYM: +US':
   0   0   0   0   0   0   0   0   0   0   0   0   0   0   0   0   0   0   0   0   0   1   0   0   0   0   0   0   0 
 
------------------------------------------------------------
GLT matrix from 'SYM: +SW':
   0   0   0   0   0   0   0   0   0   0   0   0   0   0   0   0   0   0   0   0   0   0   1   0   0   0   0   0   0 
 
##################################
=========Finished: sub25 ==========
##################################
==================================================================
======================= GLM: sub26=================================
==================================================================
mask_normalized_detrend_despike_reg_run01+orig mask_normalized_detrend_despike_reg_run02+orig mask_normalized_detrend_despike_reg_run03+orig mask_normalized_detrend_despike_reg_run04+orig mask_normalized_detrend_despike_reg_run05+orig
------------------------------------------------------------
GLT matrix from 'SYM: +CS':
   0   0   0   0   0   0   0   0   0   0   0   0   0   0   0   0   0   0   0   0   1   0   0   0   0   0   0   0   0 
 
------------------------------------------------------------
GLT matrix from 'SYM: +US':
   0   0   0   0   0   0   0   0   0   0   0   0   0   0   0   0   0   0   0   0   0   1   0   0   0   0   0   0   0 
 
------------------------------------------------------------
GLT matrix from 'SYM: +SW':
   0   0   0   0   0   0   0   0   0   0   0   0   0   0   0   0   0   0   0   0   0   0   1   0   0   0   0   0   0 
 
##################################
=========Finished: sub26 ==========
##################################
==================================================================
======================= GLM: sub27=================================
==================================================================
mask_normalized_detrend_despike_reg_run01+orig mask_normalized_detrend_despike_reg_run02+orig mask_normalized_detrend_despike_reg_run03+orig mask_normalized_detrend_despike_reg_run04+orig mask_normalized_detrend_despike_reg_run05+orig
------------------------------------------------------------
GLT matrix from 'SYM: +CS':
   0   0   0   0   0   0   0   0   0   0   0   0   0   0   0   0   0   0   0   0   1   0   0   0   0   0   0   0   0 
 
------------------------------------------------------------
GLT matrix from 'SYM: +US':
   0   0   0   0   0   0   0   0   0   0   0   0   0   0   0   0   0   0   0   0   0   1   0   0   0   0   0   0   0 
 
------------------------------------------------------------
GLT matrix from 'SYM: +SW':
   0   0   0   0   0   0   0   0   0   0   0   0   0   0   0   0   0   0   0   0   0   0   1   0   0   0   0   0   0 
 
##################################
=========Finished: sub27 ==========
##################################
==================================================================
======================= GLM: sub28=================================
==================================================================
mask_normalized_detrend_despike_reg_run01+orig mask_normalized_detrend_despike_reg_run02+orig mask_normalized_detrend_despike_reg_run03+orig mask_normalized_detrend_despike_reg_run04+orig mask_normalized_detrend_despike_reg_run05+orig
------------------------------------------------------------
GLT matrix from 'SYM: +CS':
   0   0   0   0   0   0   0   0   0   0   0   0   0   0   0   0   0   0   0   0   1   0   0   0   0   0   0   0   0 
 
------------------------------------------------------------
GLT matrix from 'SYM: +US':
   0   0   0   0   0   0   0   0   0   0   0   0   0   0   0   0   0   0   0   0   0   1   0   0   0   0   0   0   0 
 
------------------------------------------------------------
GLT matrix from 'SYM: +SW':
   0   0   0   0   0   0   0   0   0   0   0   0   0   0   0   0   0   0   0   0   0   0   1   0   0   0   0   0   0 
 
##################################
=========Finished: sub28 ==========
##################################
==================================================================
======================= GLM: sub29=================================
==================================================================
mask_normalized_detrend_despike_reg_run01+orig mask_normalized_detrend_despike_reg_run02+orig mask_normalized_detrend_despike_reg_run03+orig mask_normalized_detrend_despike_reg_run04+orig mask_normalized_detrend_despike_reg_run05+orig
------------------------------------------------------------
GLT matrix from 'SYM: +CS':
   0   0   0   0   0   0   0   0   0   0   0   0   0   0   0   0   0   0   0   0   1   0   0   0   0   0   0   0   0 
 
------------------------------------------------------------
GLT matrix from 'SYM: +US':
   0   0   0   0   0   0   0   0   0   0   0   0   0   0   0   0   0   0   0   0   0   1   0   0   0   0   0   0   0 
 
------------------------------------------------------------
GLT matrix from 'SYM: +SW':
   0   0   0   0   0   0   0   0   0   0   0   0   0   0   0   0   0   0   0   0   0   0   1   0   0   0   0   0   0 
 
##################################
=========Finished: sub29 ==========
##################################
==================================================================
======================= GLM: sub30=================================
==================================================================
mask_normalized_detrend_despike_reg_run01+orig mask_normalized_detrend_despike_reg_run02+orig mask_normalized_detrend_despike_reg_run03+orig mask_normalized_detrend_despike_reg_run04+orig mask_normalized_detrend_despike_reg_run05+orig
##################################
=========Finished: sub30 ==========
##################################
==================================================================
======================= GLM: sub31=================================
==================================================================
mask_normalized_detrend_despike_reg_run01+orig mask_normalized_detrend_despike_reg_run02+orig mask_normalized_detrend_despike_reg_run03+orig mask_normalized_detrend_despike_reg_run04+orig mask_normalized_detrend_despike_reg_run05+orig
------------------------------------------------------------
GLT matrix from 'SYM: +CS':
   0   0   0   0   0   0   0   0   0   0   0   0   0   0   0   0   0   0   0   0   1   0   0   0   0   0   0   0   0 
 
------------------------------------------------------------
GLT matrix from 'SYM: +US':
   0   0   0   0   0   0   0   0   0   0   0   0   0   0   0   0   0   0   0   0   0   1   0   0   0   0   0   0   0 
 
------------------------------------------------------------
GLT matrix from 'SYM: +SW':
   0   0   0   0   0   0   0   0   0   0   0   0   0   0   0   0   0   0   0   0   0   0   1   0   0   0   0   0   0 
 
##################################
=========Finished: sub31 ==========
##################################
==================================================================
======================= GLM: sub32=================================
==================================================================
mask_normalized_detrend_despike_reg_run01+orig mask_normalized_detrend_despike_reg_run02+orig mask_normalized_detrend_despike_reg_run03+orig mask_normalized_detrend_despike_reg_run04+orig mask_normalized_detrend_despike_reg_run05+orig
------------------------------------------------------------
GLT matrix from 'SYM: +CS':
   0   0   0   0   0   0   0   0   0   0   0   0   0   0   0   0   0   0   0   0   1   0   0   0   0   0   0   0   0 
 
------------------------------------------------------------
GLT matrix from 'SYM: +US':
   0   0   0   0   0   0   0   0   0   0   0   0   0   0   0   0   0   0   0   0   0   1   0   0   0   0   0   0   0 
 
------------------------------------------------------------
GLT matrix from 'SYM: +SW':
   0   0   0   0   0   0   0   0   0   0   0   0   0   0   0   0   0   0   0   0   0   0   1   0   0   0   0   0   0 
 
##################################
=========Finished: sub32 ==========
##################################
==================================================================
======================= GLM: sub33=================================
==================================================================
mask_normalized_detrend_despike_reg_run01+orig mask_normalized_detrend_despike_reg_run02+orig mask_normalized_detrend_despike_reg_run03+orig mask_normalized_detrend_despike_reg_run04+orig mask_normalized_detrend_despike_reg_run05+orig
------------------------------------------------------------
GLT matrix from 'SYM: +CS':
   0   0   0   0   0   0   0   0   0   0   0   0   0   0   0   0   0   0   0   0   1   0   0   0   0   0   0   0   0 
 
------------------------------------------------------------
GLT matrix from 'SYM: +US':
   0   0   0   0   0   0   0   0   0   0   0   0   0   0   0   0   0   0   0   0   0   1   0   0   0   0   0   0   0 
 
------------------------------------------------------------
GLT matrix from 'SYM: +SW':
   0   0   0   0   0   0   0   0   0   0   0   0   0   0   0   0   0   0   0   0   0   0   1   0   0   0   0   0   0 
 
##################################
=========Finished: sub33 ==========
##################################
