nohup: ignoring input
===================== sub02 ========================
Working on: GLM_glts -->  lh ... 
Working on: GLM_glts -->  rh ... 
============ done sub02 ==================
===================== sub03 ========================
Working on: GLM_glts -->  lh ... 
Working on: GLM_glts -->  rh ... 
============ done sub03 ==================
===================== sub04 ========================
Working on: GLM_glts -->  lh ... 
Working on: GLM_glts -->  rh ... 
============ done sub04 ==================
===================== sub05 ========================
Working on: GLM_glts -->  lh ... 
Working on: GLM_glts -->  rh ... 
============ done sub05 ==================
===================== sub06 ========================
Working on: GLM_glts -->  lh ... 
Working on: GLM_glts -->  rh ... 
============ done sub06 ==================
===================== sub07 ========================
Working on: GLM_glts -->  lh ... 
Working on: GLM_glts -->  rh ... 
============ done sub07 ==================
===================== sub08 ========================
Working on: GLM_glts -->  lh ... 
Working on: GLM_glts -->  rh ... 
============ done sub08 ==================
===================== sub09 ========================
Working on: GLM_glts -->  lh ... 
Working on: GLM_glts -->  rh ... 
============ done sub09 ==================
===================== sub10 ========================
Working on: GLM_glts -->  lh ... 
Working on: GLM_glts -->  rh ... 
============ done sub10 ==================
===================== sub11 ========================
Working on: GLM_glts -->  lh ... 
Working on: GLM_glts -->  rh ... 
============ done sub11 ==================
===================== sub12 ========================
Working on: GLM_glts -->  lh ... 
Working on: GLM_glts -->  rh ... 
============ done sub12 ==================
===================== sub13 ========================
Working on: GLM_glts -->  lh ... 
Working on: GLM_glts -->  rh ... 
============ done sub13 ==================
===================== sub14 ========================
Working on: GLM_glts -->  lh ... 
Working on: GLM_glts -->  rh ... 
============ done sub14 ==================
===================== sub15 ========================
Working on: GLM_glts -->  lh ... 
Working on: GLM_glts -->  rh ... 
============ done sub15 ==================
===================== sub16 ========================
Working on: GLM_glts -->  lh ... 
Working on: GLM_glts -->  rh ... 
============ done sub16 ==================
===================== sub17 ========================
Working on: GLM_glts -->  lh ... 
Working on: GLM_glts -->  rh ... 
============ done sub17 ==================
===================== sub18 ========================
Working on: GLM_glts -->  lh ... 
Working on: GLM_glts -->  rh ... 
============ done sub18 ==================
===================== sub19 ========================
Working on: GLM_glts -->  lh ... 
Working on: GLM_glts -->  rh ... 
============ done sub19 ==================
===================== sub20 ========================
Working on: GLM_glts -->  lh ... 
Working on: GLM_glts -->  rh ... 
============ done sub20 ==================
===================== sub21 ========================
Working on: GLM_glts -->  lh ... 
Working on: GLM_glts -->  rh ... 
============ done sub21 ==================
===================== sub22 ========================
Working on: GLM_glts -->  lh ... 
Working on: GLM_glts -->  rh ... 
============ done sub22 ==================
===================== sub23 ========================
Working on: GLM_glts -->  lh ... 
Working on: GLM_glts -->  rh ... 
============ done sub23 ==================
===================== sub24 ========================
Working on: GLM_glts -->  lh ... 
Working on: GLM_glts -->  rh ... 
============ done sub24 ==================
===================== sub25 ========================
Working on: GLM_glts -->  lh ... 
Working on: GLM_glts -->  rh ... 
============ done sub25 ==================
===================== sub26 ========================
Working on: GLM_glts -->  lh ... 
Working on: GLM_glts -->  rh ... 
============ done sub26 ==================
===================== sub27 ========================
Working on: GLM_glts -->  lh ... 
Working on: GLM_glts -->  rh ... 
============ done sub27 ==================
===================== sub28 ========================
Working on: GLM_glts -->  lh ... 
Working on: GLM_glts -->  rh ... 
============ done sub28 ==================
===================== sub29 ========================
Working on: GLM_glts -->  lh ... 
Working on: GLM_glts -->  rh ... 
============ done sub29 ==================
===================== sub30 ========================
Working on: GLM_glts -->  lh ... 
rm: cannot remove ‘../surface_files/lh_GLM_glts.1D’: No such file or directory
** error: invalid input dataset 'GLM_glts+orig'
   Does the dataset exist?
Working on: GLM_glts -->  rh ... 
rm: cannot remove ‘../surface_files/rh_GLM_glts.1D’: No such file or directory
** error: invalid input dataset 'GLM_glts+orig'
   Does the dataset exist?
============ done sub30 ==================
===================== sub31 ========================
Working on: GLM_glts -->  lh ... 
Working on: GLM_glts -->  rh ... 
============ done sub31 ==================
===================== sub32 ========================
Working on: GLM_glts -->  lh ... 
Working on: GLM_glts -->  rh ... 
============ done sub32 ==================
===================== sub33 ========================
Working on: GLM_glts -->  lh ... 
Working on: GLM_glts -->  rh ... 
============ done sub33 ==================
                                         
=========================================
=============== finished ================
=========================================
